#
# There is insufficient memory for the Java Runtime Environment to continue.
# Native memory allocation (mmap) failed to map 101711872 bytes for committing reserved memory.
# Possible reasons:
#   The system is out of physical RAM or swap space
#   In 32 bit mode, the process size limit was hit
# Possible solutions:
#   Reduce memory load on the system
#   Increase physical memory or swap space
#   Check if swap backing store is full
#   Use 64 bit Java on a 64 bit OS
#   Decrease Java heap size (-Xmx/-Xms)
#   Decrease number of Java threads
#   Decrease Java thread stack sizes (-Xss)
#   Set larger code cache with -XX:ReservedCodeCacheSize=
# This output file may be truncated or incomplete.
#
#  Out of Memory Error (os_linux.cpp:2640), pid=13354, tid=0x00007f015cb60700
#
# JRE version: Java(TM) SE Runtime Environment (8.0_181-b13) (build 1.8.0_181-b13)
# Java VM: Java HotSpot(TM) 64-Bit Server VM (25.181-b13 mixed mode linux-amd64 compressed oops)
# Failed to write core dump. Core dumps have been disabled. To enable core dumping, try "ulimit -c unlimited" before starting Java again
#

---------------  T H R E A D  ---------------

Current thread (0x00007f0170079800):  VMThread [stack: 0x00007f015ca61000,0x00007f015cb61000] [id=13364]

Stack: [0x00007f015ca61000,0x00007f015cb61000],  sp=0x00007f015cb5f000,  free space=1016k
Native frames: (J=compiled Java code, j=interpreted, Vv=VM code, C=native code)
V  [libjvm.so+0xad21aa]  VMError::report_and_die()+0x2ba
V  [libjvm.so+0x5022db]  report_vm_out_of_memory(char const*, int, unsigned long, VMErrorType, char const*)+0x8b
V  [libjvm.so+0x92fe33]  os::Linux::commit_memory_impl(char*, unsigned long, bool)+0x123
V  [libjvm.so+0x930059]  os::pd_commit_memory(char*, unsigned long, unsigned long, bool)+0x29
V  [libjvm.so+0x9272ba]  os::commit_memory(char*, unsigned long, unsigned long, bool)+0x2a
V  [libjvm.so+0x99d2e3]  PSVirtualSpace::expand_by(unsigned long)+0x53
V  [libjvm.so+0x99e6e8]  PSYoungGen::resize_generation(unsigned long, unsigned long)+0xf8
V  [libjvm.so+0x99d842]  PSYoungGen::resize(unsigned long, unsigned long)+0x22
V  [libjvm.so+0x99ab1b]  PSScavenge::invoke_no_policy()+0xf3b
V  [libjvm.so+0x99b2a1]  PSScavenge::invoke()+0x41
V  [libjvm.so+0xad3dcd]  VM_ParallelGCSystemGC::doit()+0x10d
V  [libjvm.so+0xadb745]  VM_Operation::evaluate()+0x55
V  [libjvm.so+0xad9b0a]  VMThread::evaluate_operation(VM_Operation*)+0xba
V  [libjvm.so+0xad9e8e]  VMThread::loop()+0x1ce
V  [libjvm.so+0xada300]  VMThread::run()+0x70
V  [libjvm.so+0x930198]  java_start(Thread*)+0x108

VM_Operation (0x00007f013de00de0): ParallelGCSystemGC, mode: safepoint, requested by thread 0x00007f01712db800


---------------  P R O C E S S  ---------------

Java Threads: ( => current thread )
  0x00007f01712df800 JavaThread "pool-1-thread-4" [_thread_blocked, id=13396, stack(0x00007f013d9ff000,0x00007f013db00000)]
  0x00007f01712de000 JavaThread "pool-1-thread-3" [_thread_blocked, id=13395, stack(0x00007f013db00000,0x00007f013dc01000)]
  0x00007f01712dc800 JavaThread "pool-1-thread-2" [_thread_blocked, id=13394, stack(0x00007f013dc01000,0x00007f013dd02000)]
  0x00007f01712db800 JavaThread "pool-1-thread-1" [_thread_blocked, id=13393, stack(0x00007f013dd02000,0x00007f013de03000)]
  0x00007f01700c3800 JavaThread "Service Thread" daemon [_thread_blocked, id=13371, stack(0x00007f015c359000,0x00007f015c45a000)]
  0x00007f01700c0000 JavaThread "C1 CompilerThread2" daemon [_thread_blocked, id=13370, stack(0x00007f015c45b000,0x00007f015c55b000)]
  0x00007f01700be800 JavaThread "C2 CompilerThread1" daemon [_thread_blocked, id=13369, stack(0x00007f015c55c000,0x00007f015c65c000)]
  0x00007f01700bb800 JavaThread "C2 CompilerThread0" daemon [_thread_blocked, id=13368, stack(0x00007f015c65d000,0x00007f015c75d000)]
  0x00007f01700ba000 JavaThread "Signal Dispatcher" daemon [_thread_blocked, id=13367, stack(0x00007f015c75d000,0x00007f015c85e000)]
  0x00007f0170086000 JavaThread "Finalizer" daemon [_thread_blocked, id=13366, stack(0x00007f015c85e000,0x00007f015c95f000)]
  0x00007f0170083800 JavaThread "Reference Handler" daemon [_thread_blocked, id=13365, stack(0x00007f015c95f000,0x00007f015ca60000)]
  0x00007f017000b800 JavaThread "main" [_thread_blocked, id=13356, stack(0x00007f01768e6000,0x00007f01769e6000)]

Other Threads:
=>0x00007f0170079800 VMThread [stack: 0x00007f015ca61000,0x00007f015cb61000] [id=13364]
  0x00007f01700c8000 WatcherThread [stack: 0x00007f015c259000,0x00007f015c359000] [id=13372]

VM state:at safepoint (normal execution)

VM Mutex/Monitor currently owned by a thread:  ([mutex/lock_event])
[0x00007f0170007e40] Threads_lock - owner thread: 0x00007f0170079800
[0x00007f0170008340] Heap_lock - owner thread: 0x00007f01712db800

Heap:
 PSYoungGen      total 110592K, used 8162K [0x00000000eff00000, 0x00000000f7300000, 0x0000000100000000)
  eden space 102400K, 0% used [0x00000000eff00000,0x00000000eff00000,0x00000000f6300000)
  from space 8192K, 99% used [0x00000000f6300000,0x00000000f6af8860,0x00000000f6b00000)
  to   space 8192K, 0% used [0x00000000f6b00000,0x00000000f6b00000,0x00000000f7300000)
 ParOldGen       total 39424K, used 39224K [0x00000000cfc00000, 0x00000000d2280000, 0x00000000eff00000)
  object space 39424K, 99% used [0x00000000cfc00000,0x00000000d224e1e0,0x00000000d2280000)
 Metaspace       used 26929K, capacity 27608K, committed 27904K, reserved 1073152K
  class space    used 3245K, capacity 3488K, committed 3584K, reserved 1048576K

Card table byte_map: [0x00007f017403f000,0x00007f01741c2000] byte_map_base: 0x00007f01739c1000

Marking Bits: (ParMarkBitMap*) 0x00007f0175d810a0
 Begin Bits: [0x00007f015e6c6000, 0x00007f015f2d6000)
 End Bits:   [0x00007f015f2d6000, 0x00007f015fee6000)

Polling page: 0x00007f01769fe000

CodeCache: size=245760Kb used=12376Kb max_used=12376Kb free=233383Kb
 bounds [0x00007f01607ac000, 0x00007f01613cc000, 0x00007f016f7ac000]
 total_blobs=4128 nmethods=3707 adapters=334
 compilation: enabled

Compilation events (10 events):
Event: 6,779 Thread 0x00007f01700c0000 3724       1       sun.util.calendar.CalendarDate::getYear (5 bytes)
Event: 6,779 Thread 0x00007f01700c0000 nmethod 3724 0x00007f01613c5350 code [0x00007f01613c54a0, 0x00007f01613c55b0]
Event: 6,786 Thread 0x00007f01700c0000 3725       1       org.codehaus.plexus.archiver.ArchiveEntry::getResource (5 bytes)
Event: 6,786 Thread 0x00007f01700c0000 nmethod 3725 0x00007f01613c5610 code [0x00007f01613c5760, 0x00007f01613c5870]
Event: 6,786 Thread 0x00007f01700c0000 3726       2       org.slf4j.impl.SimpleLogger::isLevelEnabled (14 bytes)
Event: 6,786 Thread 0x00007f01700c0000 nmethod 3726 0x00007f01613c58d0 code [0x00007f01613c5a20, 0x00007f01613c5b90]
Event: 6,786 Thread 0x00007f01700c0000 3727       1       java.util.concurrent.atomic.AtomicInteger::get (5 bytes)
Event: 6,786 Thread 0x00007f01700c0000 nmethod 3727 0x00007f01613c5c10 code [0x00007f01613c5d60, 0x00007f01613c5e70]
Event: 6,792 Thread 0x00007f01700c0000 3728       2       java.util.TimeZone::getDefaultRef (32 bytes)
Event: 6,793 Thread 0x00007f01700c0000 nmethod 3728 0x00007f01613c5ed0 code [0x00007f01613c6040, 0x00007f01613c61a8]

GC Heap History (10 events):
Event: 1,565 GC heap after
Heap after GC invocations=3 (full 0):
 PSYoungGen      total 27648K, used 2048K [0x00000000eff00000, 0x00000000f3500000, 0x0000000100000000)
  eden space 25600K, 0% used [0x00000000eff00000,0x00000000eff00000,0x00000000f1800000)
  from space 2048K, 100% used [0x00000000f1800000,0x00000000f1a00000,0x00000000f1a00000)
  to   space 2048K, 0% used [0x00000000f3300000,0x00000000f3300000,0x00000000f3500000)
 ParOldGen       total 34304K, used 5044K [0x00000000cfc00000, 0x00000000d1d80000, 0x00000000eff00000)
  object space 34304K, 14% used [0x00000000cfc00000,0x00000000d00ed240,0x00000000d1d80000)
 Metaspace       used 10539K, capacity 10686K, committed 11008K, reserved 1058816K
  class space    used 1307K, capacity 1411K, committed 1536K, reserved 1048576K
}
Event: 2,068 GC heap before
{Heap before GC invocations=4 (full 0):
 PSYoungGen      total 27648K, used 27648K [0x00000000eff00000, 0x00000000f3500000, 0x0000000100000000)
  eden space 25600K, 100% used [0x00000000eff00000,0x00000000f1800000,0x00000000f1800000)
  from space 2048K, 100% used [0x00000000f1800000,0x00000000f1a00000,0x00000000f1a00000)
  to   space 2048K, 0% used [0x00000000f3300000,0x00000000f3300000,0x00000000f3500000)
 ParOldGen       total 34304K, used 5044K [0x00000000cfc00000, 0x00000000d1d80000, 0x00000000eff00000)
  object space 34304K, 14% used [0x00000000cfc00000,0x00000000d00ed240,0x00000000d1d80000)
 Metaspace       used 13781K, capacity 13962K, committed 14208K, reserved 1060864K
  class space    used 1728K, capacity 1807K, committed 1920K, reserved 1048576K
Event: 2,078 GC heap after
Heap after GC invocations=4 (full 0):
 PSYoungGen      total 53248K, used 2016K [0x00000000eff00000, 0x00000000f3500000, 0x0000000100000000)
  eden space 51200K, 0% used [0x00000000eff00000,0x00000000eff00000,0x00000000f3100000)
  from space 2048K, 98% used [0x00000000f3300000,0x00000000f34f8020,0x00000000f3500000)
  to   space 2048K, 0% used [0x00000000f3100000,0x00000000f3100000,0x00000000f3300000)
 ParOldGen       total 34304K, used 9207K [0x00000000cfc00000, 0x00000000d1d80000, 0x00000000eff00000)
  object space 34304K, 26% used [0x00000000cfc00000,0x00000000d04fde78,0x00000000d1d80000)
 Metaspace       used 13781K, capacity 13962K, committed 14208K, reserved 1060864K
  class space    used 1728K, capacity 1807K, committed 1920K, reserved 1048576K
}
Event: 3,567 GC heap before
{Heap before GC invocations=5 (full 0):
 PSYoungGen      total 53248K, used 53216K [0x00000000eff00000, 0x00000000f3500000, 0x0000000100000000)
  eden space 51200K, 100% used [0x00000000eff00000,0x00000000f3100000,0x00000000f3100000)
  from space 2048K, 98% used [0x00000000f3300000,0x00000000f34f8020,0x00000000f3500000)
  to   space 2048K, 0% used [0x00000000f3100000,0x00000000f3100000,0x00000000f3300000)
 ParOldGen       total 34304K, used 9207K [0x00000000cfc00000, 0x00000000d1d80000, 0x00000000eff00000)
  object space 34304K, 26% used [0x00000000cfc00000,0x00000000d04fde78,0x00000000d1d80000)
 Metaspace       used 16178K, capacity 16518K, committed 16768K, reserved 1064960K
  class space    used 1969K, capacity 2077K, committed 2176K, reserved 1048576K
Event: 3,580 GC heap after
Heap after GC invocations=5 (full 0):
 PSYoungGen      total 53248K, used 2032K [0x00000000eff00000, 0x00000000f7300000, 0x0000000100000000)
  eden space 51200K, 0% used [0x00000000eff00000,0x00000000eff00000,0x00000000f3100000)
  from space 2048K, 99% used [0x00000000f3100000,0x00000000f32fc030,0x00000000f3300000)
  to   space 8192K, 0% used [0x00000000f6b00000,0x00000000f6b00000,0x00000000f7300000)
 ParOldGen       total 34304K, used 13958K [0x00000000cfc00000, 0x00000000d1d80000, 0x00000000eff00000)
  object space 34304K, 40% used [0x00000000cfc00000,0x00000000d09a1bb0,0x00000000d1d80000)
 Metaspace       used 16178K, capacity 16518K, committed 16768K, reserved 1064960K
  class space    used 1969K, capacity 2077K, committed 2176K, reserved 1048576K
}
Event: 4,558 GC heap before
{Heap before GC invocations=6 (full 0):
 PSYoungGen      total 53248K, used 46300K [0x00000000eff00000, 0x00000000f7300000, 0x0000000100000000)
  eden space 51200K, 86% used [0x00000000eff00000,0x00000000f2a3b2e0,0x00000000f3100000)
  from space 2048K, 99% used [0x00000000f3100000,0x00000000f32fc030,0x00000000f3300000)
  to   space 8192K, 0% used [0x00000000f6b00000,0x00000000f6b00000,0x00000000f7300000)
 ParOldGen       total 34304K, used 13958K [0x00000000cfc00000, 0x00000000d1d80000, 0x00000000eff00000)
  object space 34304K, 40% used [0x00000000cfc00000,0x00000000d09a1bb0,0x00000000d1d80000)
 Metaspace       used 20748K, capacity 21164K, committed 21296K, reserved 1069056K
  class space    used 2541K, capacity 2670K, committed 2688K, reserved 1048576K
Event: 4,578 GC heap after
Heap after GC invocations=6 (full 0):
 PSYoungGen      total 110592K, used 5923K [0x00000000eff00000, 0x00000000f7300000, 0x0000000100000000)
  eden space 102400K, 0% used [0x00000000eff00000,0x00000000eff00000,0x00000000f6300000)
  from space 8192K, 72% used [0x00000000f6b00000,0x00000000f70c8fb8,0x00000000f7300000)
  to   space 8192K, 0% used [0x00000000f6300000,0x00000000f6300000,0x00000000f6b00000)
 ParOldGen       total 34304K, used 13966K [0x00000000cfc00000, 0x00000000d1d80000, 0x00000000eff00000)
  object space 34304K, 40% used [0x00000000cfc00000,0x00000000d09a3bb0,0x00000000d1d80000)
 Metaspace       used 20748K, capacity 21164K, committed 21296K, reserved 1069056K
  class space    used 2541K, capacity 2670K, committed 2688K, reserved 1048576K
}
Event: 4,579 GC heap before
{Heap before GC invocations=7 (full 1):
 PSYoungGen      total 110592K, used 5923K [0x00000000eff00000, 0x00000000f7300000, 0x0000000100000000)
  eden space 102400K, 0% used [0x00000000eff00000,0x00000000eff00000,0x00000000f6300000)
  from space 8192K, 72% used [0x00000000f6b00000,0x00000000f70c8fb8,0x00000000f7300000)
  to   space 8192K, 0% used [0x00000000f6300000,0x00000000f6300000,0x00000000f6b00000)
 ParOldGen       total 34304K, used 13966K [0x00000000cfc00000, 0x00000000d1d80000, 0x00000000eff00000)
  object space 34304K, 40% used [0x00000000cfc00000,0x00000000d09a3bb0,0x00000000d1d80000)
 Metaspace       used 20748K, capacity 21164K, committed 21296K, reserved 1069056K
  class space    used 2541K, capacity 2670K, committed 2688K, reserved 1048576K
Event: 4,640 GC heap after
Heap after GC invocations=7 (full 1):
 PSYoungGen      total 110592K, used 0K [0x00000000eff00000, 0x00000000f7300000, 0x0000000100000000)
  eden space 102400K, 0% used [0x00000000eff00000,0x00000000eff00000,0x00000000f6300000)
  from space 8192K, 0% used [0x00000000f6b00000,0x00000000f6b00000,0x00000000f7300000)
  to   space 8192K, 0% used [0x00000000f6300000,0x00000000f6300000,0x00000000f6b00000)
 ParOldGen       total 35328K, used 10359K [0x00000000cfc00000, 0x00000000d1e80000, 0x00000000eff00000)
  object space 35328K, 29% used [0x00000000cfc00000,0x00000000d061dca8,0x00000000d1e80000)
 Metaspace       used 20748K, capacity 21164K, committed 21296K, reserved 1069056K
  class space    used 2541K, capacity 2670K, committed 2688K, reserved 1048576K
}
Event: 6,801 GC heap before
{Heap before GC invocations=8 (full 1):
 PSYoungGen      total 110592K, used 100633K [0x00000000eff00000, 0x00000000f7300000, 0x0000000100000000)
  eden space 102400K, 98% used [0x00000000eff00000,0x00000000f61464d0,0x00000000f6300000)
  from space 8192K, 0% used [0x00000000f6b00000,0x00000000f6b00000,0x00000000f7300000)
  to   space 8192K, 0% used [0x00000000f6300000,0x00000000f6300000,0x00000000f6b00000)
 ParOldGen       total 35328K, used 12800K [0x00000000cfc00000, 0x00000000d1e80000, 0x00000000eff00000)
  object space 35328K, 36% used [0x00000000cfc00000,0x00000000d0880258,0x00000000d1e80000)
 Metaspace       used 26929K, capacity 27608K, committed 27904K, reserved 1073152K
  class space    used 3245K, capacity 3488K, committed 3584K, reserved 1048576K

Deoptimization events (10 events):
Event: 6,092 Thread 0x00007f017000b800 Uncommon trap: reason=unstable_if action=reinterpret pc=0x00007f01612f7654 method=java.util.StringTokenizer.setMaxDelimCodePoint()V @ 71
Event: 6,143 Thread 0x00007f017000b800 Uncommon trap: reason=unstable_if action=reinterpret pc=0x00007f0160b00470 method=java.util.HashMap.hash(Ljava/lang/Object;)I @ 1
Event: 6,173 Thread 0x00007f017000b800 Uncommon trap: reason=unstable_if action=reinterpret pc=0x00007f0160e6fde4 method=java.lang.CharacterDataLatin1.isWhitespace(I)Z @ 14
Event: 6,181 Thread 0x00007f017000b800 Uncommon trap: reason=unstable_if action=reinterpret pc=0x00007f0160ad23e0 method=java.lang.CharacterDataLatin1.isWhitespace(I)Z @ 14
Event: 6,349 Thread 0x00007f017000b800 Uncommon trap: reason=unstable_if action=reinterpret pc=0x00007f016107468c method=java.util.Properties$LineReader.readLine()I @ 206
Event: 6,584 Thread 0x00007f017000b800 Uncommon trap: reason=bimorphic action=maybe_recompile pc=0x00007f0160c3c5b0 method=java.lang.ClassLoader.loadClass(Ljava/lang/String;Z)Ljava/lang/Class; @ 38
Event: 6,593 Thread 0x00007f017000b800 Uncommon trap: reason=bimorphic action=maybe_recompile pc=0x00007f0160c3c5b0 method=java.lang.ClassLoader.loadClass(Ljava/lang/String;Z)Ljava/lang/Class; @ 38
Event: 6,594 Thread 0x00007f017000b800 Uncommon trap: reason=bimorphic action=maybe_recompile pc=0x00007f0160c3c5b0 method=java.lang.ClassLoader.loadClass(Ljava/lang/String;Z)Ljava/lang/Class; @ 38
Event: 6,682 Thread 0x00007f017000b800 Uncommon trap: reason=unstable_if action=reinterpret pc=0x00007f0161310bf8 method=java.lang.StringCoding$StringEncoder.encode([CII)[B @ 20
Event: 6,726 Thread 0x00007f01712db800 Uncommon trap: reason=unstable_if action=reinterpret pc=0x00007f0160e70608 method=java.lang.ThreadLocal.get()Ljava/lang/Object; @ 11

Classes redefined (0 events):
No events

Internal exceptions (10 events):
Event: 6,493 Thread 0x00007f017000b800 Exception <a 'sun/nio/fs/UnixException'> (0x00000000f4896cf0) thrown at [/HUDSON/workspace/8-2-build-linux-amd64/jdk8u181/11358/hotspot/src/share/vm/prims/jni.cpp, line 709]
Event: 6,496 Thread 0x00007f017000b800 Exception <a 'sun/nio/fs/UnixException'> (0x00000000f489b140) thrown at [/HUDSON/workspace/8-2-build-linux-amd64/jdk8u181/11358/hotspot/src/share/vm/prims/jni.cpp, line 709]
Event: 6,501 Thread 0x00007f017000b800 Exception <a 'sun/nio/fs/UnixException'> (0x00000000f489f698) thrown at [/HUDSON/workspace/8-2-build-linux-amd64/jdk8u181/11358/hotspot/src/share/vm/prims/jni.cpp, line 709]
Event: 6,505 Thread 0x00007f017000b800 Exception <a 'sun/nio/fs/UnixException'> (0x00000000f48a3ac0) thrown at [/HUDSON/workspace/8-2-build-linux-amd64/jdk8u181/11358/hotspot/src/share/vm/prims/jni.cpp, line 709]
Event: 6,506 Thread 0x00007f017000b800 Exception <a 'sun/nio/fs/UnixException'> (0x00000000f48a7e78) thrown at [/HUDSON/workspace/8-2-build-linux-amd64/jdk8u181/11358/hotspot/src/share/vm/prims/jni.cpp, line 709]
Event: 6,507 Thread 0x00007f017000b800 Exception <a 'sun/nio/fs/UnixException'> (0x00000000f48ac2f8) thrown at [/HUDSON/workspace/8-2-build-linux-amd64/jdk8u181/11358/hotspot/src/share/vm/prims/jni.cpp, line 709]
Event: 6,510 Thread 0x00007f017000b800 Exception <a 'sun/nio/fs/UnixException'> (0x00000000f48b0910) thrown at [/HUDSON/workspace/8-2-build-linux-amd64/jdk8u181/11358/hotspot/src/share/vm/prims/jni.cpp, line 709]
Event: 6,514 Thread 0x00007f017000b800 Exception <a 'sun/nio/fs/UnixException'> (0x00000000f48b4dc0) thrown at [/HUDSON/workspace/8-2-build-linux-amd64/jdk8u181/11358/hotspot/src/share/vm/prims/jni.cpp, line 709]
Event: 6,520 Thread 0x00007f017000b800 Exception <a 'sun/nio/fs/UnixException'> (0x00000000f48b9250) thrown at [/HUDSON/workspace/8-2-build-linux-amd64/jdk8u181/11358/hotspot/src/share/vm/prims/jni.cpp, line 709]
Event: 6,726 Thread 0x00007f01712db800 Implicit null exception at 0x00007f0160e7050c to 0x00007f0160e705f1

Events (10 events):
Event: 6,795 loading class org/apache/commons/compress/archivers/zip/ExtraFieldUtils done
Event: 6,795 loading class org/apache/commons/compress/archivers/zip/ExtraFieldUtils
Event: 6,795 loading class org/apache/commons/compress/archivers/zip/ExtraFieldUtils done
Event: 6,798 Executing VM operation: ParallelGCFailedAllocation
Event: 6,798 Executing VM operation: ParallelGCFailedAllocation done
Event: 6,799 loading class org/apache/commons/compress/archivers/zip/AsiExtraField
Event: 6,799 loading class org/apache/commons/compress/archivers/zip/AsiExtraField done
Event: 6,799 loading class org/apache/commons/compress/archivers/zip/AsiExtraField
Event: 6,799 loading class org/apache/commons/compress/archivers/zip/AsiExtraField done
Event: 6,799 Executing VM operation: ParallelGCSystemGC


Dynamic libraries:
00400000-00401000 r-xp 00000000 08:01 3414974                            /home/naharrosp/Programs/jdk1.8.0_181/bin/java
00600000-00601000 rw-p 00000000 08:01 3414974                            /home/naharrosp/Programs/jdk1.8.0_181/bin/java
01c96000-01cb7000 rw-p 00000000 00:00 0                                  [heap]
cfc00000-d2280000 rw-p 00000000 00:00 0 
d2280000-eff00000 ---p 00000000 00:00 0 
eff00000-f7300000 rw-p 00000000 00:00 0 
fd400000-100000000 ---p 00000000 00:00 0 
100000000-100380000 rw-p 00000000 00:00 0 
100380000-140000000 ---p 00000000 00:00 0 
7f0110000000-7f0110021000 rw-p 00000000 00:00 0 
7f0110021000-7f0114000000 ---p 00000000 00:00 0 
7f0118000000-7f0118043000 rw-p 00000000 00:00 0 
7f0118043000-7f011c000000 ---p 00000000 00:00 0 
7f011c000000-7f011c043000 rw-p 00000000 00:00 0 
7f011c043000-7f0120000000 ---p 00000000 00:00 0 
7f0120000000-7f0120021000 rw-p 00000000 00:00 0 
7f0120021000-7f0124000000 ---p 00000000 00:00 0 
7f0124000000-7f0124044000 rw-p 00000000 00:00 0 
7f0124044000-7f0128000000 ---p 00000000 00:00 0 
7f0128000000-7f0128da6000 rw-p 00000000 00:00 0 
7f0128da6000-7f012c000000 ---p 00000000 00:00 0 
7f012c000000-7f012c021000 rw-p 00000000 00:00 0 
7f012c021000-7f0130000000 ---p 00000000 00:00 0 
7f0130000000-7f0131a40000 rw-p 00000000 00:00 0 
7f0131a40000-7f0134000000 ---p 00000000 00:00 0 
7f0134000000-7f0135ae1000 rw-p 00000000 00:00 0 
7f0135ae1000-7f0138000000 ---p 00000000 00:00 0 
7f0138000000-7f0138021000 rw-p 00000000 00:00 0 
7f0138021000-7f013c000000 ---p 00000000 00:00 0 
7f013d9ff000-7f013da02000 ---p 00000000 00:00 0 
7f013da02000-7f013db00000 rw-p 00000000 00:00 0 
7f013db00000-7f013db03000 ---p 00000000 00:00 0 
7f013db03000-7f013dc01000 rw-p 00000000 00:00 0 
7f013dc01000-7f013dc04000 ---p 00000000 00:00 0 
7f013dc04000-7f013dd02000 rw-p 00000000 00:00 0 
7f013dd02000-7f013dd05000 ---p 00000000 00:00 0 
7f013dd05000-7f013dfc3000 rw-p 00000000 00:00 0 
7f013dfc3000-7f013e003000 ---p 00000000 00:00 0 
7f013e003000-7f013e203000 rw-p 00000000 00:00 0 
7f013e203000-7f013e403000 rw-p 00000000 00:00 0 
7f013e403000-7f013e603000 rw-p 00000000 00:00 0 
7f013e603000-7f013e803000 rw-p 00000000 00:00 0 
7f013e803000-7f013ea03000 rw-p 00000000 00:00 0 
7f013ea03000-7f013ec03000 rw-p 00000000 00:00 0 
7f013ec03000-7f013ee03000 rw-p 00000000 00:00 0 
7f013ee03000-7f013ee05000 r-xp 00000000 08:01 3151351                    /lib/x86_64-linux-gnu/libutil-2.27.so
7f013ee05000-7f013f004000 ---p 00002000 08:01 3151351                    /lib/x86_64-linux-gnu/libutil-2.27.so
7f013f004000-7f013f005000 r--p 00001000 08:01 3151351                    /lib/x86_64-linux-gnu/libutil-2.27.so
7f013f005000-7f013f006000 rw-p 00002000 08:01 3151351                    /lib/x86_64-linux-gnu/libutil-2.27.so
7f013f006000-7f013f009000 r-xp 00000000 08:01 3806689                    /tmp/libjansi-1.17-7038145540902907584.so
7f013f009000-7f013f208000 ---p 00003000 08:01 3806689                    /tmp/libjansi-1.17-7038145540902907584.so
7f013f208000-7f013f209000 rw-p 00002000 08:01 3806689                    /tmp/libjansi-1.17-7038145540902907584.so
7f013f209000-7f013f21f000 r-xp 00000000 08:01 3543608                    /home/naharrosp/Programs/jdk1.8.0_181/jre/lib/amd64/libnet.so
7f013f21f000-7f013f41f000 ---p 00016000 08:01 3543608                    /home/naharrosp/Programs/jdk1.8.0_181/jre/lib/amd64/libnet.so
7f013f41f000-7f013f420000 rw-p 00016000 08:01 3543608                    /home/naharrosp/Programs/jdk1.8.0_181/jre/lib/amd64/libnet.so
7f013f420000-7f013f431000 r-xp 00000000 08:01 3543611                    /home/naharrosp/Programs/jdk1.8.0_181/jre/lib/amd64/libnio.so
7f013f431000-7f013f630000 ---p 00011000 08:01 3543611                    /home/naharrosp/Programs/jdk1.8.0_181/jre/lib/amd64/libnio.so
7f013f630000-7f013f631000 rw-p 00010000 08:01 3543611                    /home/naharrosp/Programs/jdk1.8.0_181/jre/lib/amd64/libnio.so
7f013f631000-7f0140000000 r--p 00000000 08:01 1186394                    /usr/lib/locale/locale-archive
7f0140000000-7f0140021000 rw-p 00000000 00:00 0 
7f0140021000-7f0144000000 ---p 00000000 00:00 0 
7f0144000000-7f0144021000 rw-p 00000000 00:00 0 
7f0144021000-7f0148000000 ---p 00000000 00:00 0 
7f0148000000-7f0148021000 rw-p 00000000 00:00 0 
7f0148021000-7f014c000000 ---p 00000000 00:00 0 
7f014c000000-7f014c2dc000 rw-p 00000000 00:00 0 
7f014c2dc000-7f0150000000 ---p 00000000 00:00 0 
7f0150000000-7f0150021000 rw-p 00000000 00:00 0 
7f0150021000-7f0154000000 ---p 00000000 00:00 0 
7f0154000000-7f0154021000 rw-p 00000000 00:00 0 
7f0154021000-7f0158000000 ---p 00000000 00:00 0 
7f0158000000-7f0158021000 rw-p 00000000 00:00 0 
7f0158021000-7f015c000000 ---p 00000000 00:00 0 
7f015c0a5000-7f015c0a8000 r--s 00015000 08:01 2622256                    /home/naharrosp/.m2/repository/javax/servlet/javax.servlet-api/3.1.0/javax.servlet-api-3.1.0.jar
7f015c0a8000-7f015c0a9000 r--s 00002000 08:01 2621879                    /home/naharrosp/.m2/repository/org/apache/maven/shared/maven-mapping/3.0.0/maven-mapping-3.0.0.jar
7f015c0a9000-7f015c0ab000 r--s 00001000 08:01 2621877                    /home/naharrosp/.m2/repository/org/sonatype/plexus/plexus-build-api/0.0.7/plexus-build-api-0.0.7.jar
7f015c0ab000-7f015c0ad000 r--s 0000b000 08:01 2621875                    /home/naharrosp/.m2/repository/org/apache/maven/shared/maven-filtering/3.1.1/maven-filtering-3.1.1.jar
7f015c0ad000-7f015c0b1000 r--s 0003c000 08:01 2621873                    /home/naharrosp/.m2/repository/org/codehaus/plexus/plexus-utils/3.1.0/plexus-utils-3.1.0.jar
7f015c0b1000-7f015c0b3000 r--s 00005000 08:01 2621871                    /home/naharrosp/.m2/repository/xpp3/xpp3_min/1.1.4c/xpp3_min-1.1.4c.jar
7f015c0b3000-7f015c0b4000 r--s 00001000 08:01 2621869                    /home/naharrosp/.m2/repository/xmlpull/xmlpull/1.1.3.1/xmlpull-1.1.3.1.jar
7f015c0b4000-7f015c0c2000 r--s 00082000 08:01 2621867                    /home/naharrosp/.m2/repository/com/thoughtworks/xstream/xstream/1.4.10/xstream-1.4.10.jar
7f015c0c2000-7f015c0c5000 r--s 00011000 08:01 2621865                    /home/naharrosp/.m2/repository/org/codehaus/plexus/plexus-interpolation/1.24/plexus-interpolation-1.24.jar
7f015c0c5000-7f015c0c9000 r--s 00017000 08:01 2621863                    /home/naharrosp/.m2/repository/org/tukaani/xz/1.8/xz-1.8.jar
7f015c0c9000-7f015c0cb000 r--s 0000d000 08:01 2621861                    /home/naharrosp/.m2/repository/org/iq80/snappy/snappy/0.4/snappy-0.4.jar
7f015c0cb000-7f015c0cd000 r--s 0000c000 08:01 2621859                    /home/naharrosp/.m2/repository/org/objenesis/objenesis/2.6/objenesis-2.6.jar
7f015c0cd000-7f015c0d8000 r--s 0007e000 08:01 2621857                    /home/naharrosp/.m2/repository/org/apache/commons/commons-compress/1.16.1/commons-compress-1.16.1.jar
7f015c0d8000-7f015c0dc000 r--s 0000f000 08:01 2621855                    /home/naharrosp/.m2/repository/org/codehaus/plexus/plexus-io/3.0.1/plexus-io-3.0.1.jar
7f015c0dc000-7f015c0e1000 r--s 0002a000 08:01 2621853                    /home/naharrosp/.m2/repository/org/codehaus/plexus/plexus-archiver/3.6.0/plexus-archiver-3.6.0.jar
7f015c0e1000-7f015c0e5000 r--s 00025000 08:01 1446593                    /home/naharrosp/.m2/repository/org/apache/maven/shared/maven-shared-utils/3.2.0/maven-shared-utils-3.2.0.jar
7f015c0e5000-7f015c0e6000 r--s 00005000 08:01 2621851                    /home/naharrosp/.m2/repository/org/apache/maven/maven-archiver/3.2.0/maven-archiver-3.2.0.jar
7f015c0e6000-7f015c0e9000 r--s 00014000 08:01 1316586                    /home/naharrosp/.m2/repository/org/apache/maven/plugins/maven-war-plugin/3.2.1/maven-war-plugin-3.2.1.jar
7f015c0e9000-7f015c0eb000 r--s 00002000 08:01 2622230                    /home/naharrosp/.m2/repository/org/apache/maven/plugin-tools/maven-plugin-annotations/3.1/maven-plugin-annotations-3.1.jar
7f015c0eb000-7f015c0ec000 r--s 00002000 08:01 2622218                    /home/naharrosp/.m2/repository/org/apache/maven/reporting/maven-reporting-api/2.0.9/maven-reporting-api-2.0.9.jar
7f015c0ec000-7f015c0f0000 r--s 00035000 08:01 2622210                    /home/naharrosp/.m2/repository/org/codehaus/plexus/plexus-utils/3.0.8/plexus-utils-3.0.8.jar
7f015c0f0000-7f015c0f2000 r--s 00006000 08:01 2622208                    /home/naharrosp/.m2/repository/org/apache/maven/shared/maven-common-artifact-filters/1.3/maven-common-artifact-filters-1.3.jar
7f015c0f2000-7f015c0f8000 r--s 00048000 08:01 2622206                    /home/naharrosp/.m2/repository/org/apache/commons/commons-lang3/3.1/commons-lang3-3.1.jar
7f015c0f8000-7f015c0fd000 r--s 0003c000 08:01 2622204                    /home/naharrosp/.m2/repository/org/apache/maven/surefire/maven-surefire-common/2.12.4/maven-surefire-common-2.12.4.jar
7f015c0fd000-7f015c101000 r--s 00019000 08:01 2622202                    /home/naharrosp/.m2/repository/org/apache/maven/surefire/surefire-api/2.12.4/surefire-api-2.12.4.jar
7f015c101000-7f015c103000 r--s 00007000 08:01 2622200                    /home/naharrosp/.m2/repository/org/apache/maven/surefire/surefire-booter/2.12.4/surefire-booter-2.12.4.jar
7f015c103000-7f015c104000 r--s 00007000 08:01 1316580                    /home/naharrosp/.m2/repository/org/apache/maven/plugins/maven-surefire-plugin/2.12.4/maven-surefire-plugin-2.12.4.jar
7f015c104000-7f015c17d000 r--s 010f9000 08:01 3542030                    /home/naharrosp/Programs/jdk1.8.0_181/lib/tools.jar
7f015c17d000-7f015c17f000 r--s 00004000 08:01 2621650                    /home/naharrosp/.m2/repository/org/codehaus/plexus/plexus-compiler-javac/2.8.4/plexus-compiler-javac-2.8.4.jar
7f015c17f000-7f015c181000 r--s 00000000 08:01 2621648                    /home/naharrosp/.m2/repository/org/codehaus/plexus/plexus-compiler-manager/2.8.4/plexus-compiler-manager-2.8.4.jar
7f015c181000-7f015c183000 r--s 00005000 08:01 2621646                    /home/naharrosp/.m2/repository/org/codehaus/plexus/plexus-compiler-api/2.8.4/plexus-compiler-api-2.8.4.jar
7f015c183000-7f015c18a000 r--s 00047000 08:01 2621644                    /home/naharrosp/.m2/repository/com/thoughtworks/qdox/qdox/2.0-M9/qdox-2.0-M9.jar
7f015c18a000-7f015c18c000 r--s 0001a000 08:01 2621642                    /home/naharrosp/.m2/repository/org/ow2/asm/asm/6.2/asm-6.2.jar
7f015c18c000-7f015c18e000 r--s 00008000 08:01 2621640                    /home/naharrosp/.m2/repository/org/codehaus/plexus/plexus-java/0.9.10/plexus-java-0.9.10.jar
7f015c18e000-7f015c190000 r--s 00002000 08:01 1446582                    /home/naharrosp/.m2/repository/org/apache/maven/shared/maven-shared-incremental/1.1/maven-shared-incremental-1.1.jar
7f015c190000-7f015c194000 r--s 0002f000 08:01 1446580                    /home/naharrosp/.m2/repository/commons-io/commons-io/2.5/commons-io-2.5.jar
7f015c194000-7f015c197000 r--s 00026000 08:01 1446578                    /home/naharrosp/.m2/repository/org/apache/maven/shared/maven-shared-utils/3.2.1/maven-shared-utils-3.2.1.jar
7f015c197000-7f015c199000 r--s 00002000 08:01 1446576                    /home/naharrosp/.m2/repository/org/sonatype/plexus/plexus-cipher/1.4/plexus-cipher-1.4.jar
7f015c199000-7f015c19a000 r--s 00006000 08:01 1446574                    /home/naharrosp/.m2/repository/org/sonatype/plexus/plexus-sec-dispatcher/1.3/plexus-sec-dispatcher-1.3.jar
7f015c19a000-7f015c19c000 r--s 00000000 08:01 1316771                    /home/naharrosp/.m2/repository/org/codehaus/plexus/plexus-component-annotations/1.7.1/plexus-component-annotations-1.7.1.jar
7f015c19c000-7f015c19e000 r--s 0000d000 08:01 1446572                    /home/naharrosp/.m2/repository/org/codehaus/plexus/plexus-interpolation/1.14/plexus-interpolation-1.14.jar
7f015c19e000-7f015c1a2000 r--s 00017000 08:01 1446570                    /home/naharrosp/.m2/repository/org/sonatype/aether/aether-util/1.7/aether-util-1.7.jar
7f015c1a2000-7f015c1a6000 r--s 00033000 08:01 1316765                    /home/naharrosp/.m2/repository/org/codehaus/plexus/plexus-utils/2.0.4/plexus-utils-2.0.4.jar
7f015c1a6000-7f015c1b1000 r--s 00069000 08:01 1316761                    /home/naharrosp/.m2/repository/org/sonatype/sisu/sisu-guice/2.1.7/sisu-guice-2.1.7-noaop.jar
7f015c1b1000-7f015c1b6000 r--s 00021000 08:01 1316759                    /home/naharrosp/.m2/repository/org/sonatype/sisu/sisu-inject-bean/1.4.2/sisu-inject-bean-1.4.2.jar
7f015c1b6000-7f015c1b8000 r--s 0000e000 08:01 1316574                    /home/naharrosp/.m2/repository/org/apache/maven/plugins/maven-compiler-plugin/3.8.0/maven-compiler-plugin-3.8.0.jar
7f015c1b8000-7f015c1ba000 r--s 0000d000 08:01 2622093                    /home/naharrosp/.m2/repository/org/codehaus/plexus/plexus-interpolation/1.13/plexus-interpolation-1.13.jar
7f015c1ba000-7f015c1bb000 r--s 00001000 08:01 2622091                    /home/naharrosp/.m2/repository/org/sonatype/plexus/plexus-build-api/0.0.4/plexus-build-api-0.0.4.jar
7f015c1bb000-7f015c1bd000 r--s 00009000 08:01 2622089                    /home/naharrosp/.m2/repository/org/apache/maven/shared/maven-filtering/1.1/maven-filtering-1.1.jar
7f015c1bd000-7f015c1c1000 r--s 00033000 08:01 1316797                    /home/naharrosp/.m2/repository/org/codehaus/plexus/plexus-utils/2.0.5/plexus-utils-2.0.5.jar
7f015c1c1000-7f015c1c4000 r--s 0001b000 08:01 2622087                    /home/naharrosp/.m2/repository/junit/junit/3.8.1/junit-3.8.1.jar
7f015c1c4000-7f015c1c6000 r--s 00002000 08:01 2622075                    /home/naharrosp/.m2/repository/org/codehaus/plexus/plexus-interactivity-api/1.0-alpha-4/plexus-interactivity-api-1.0-alpha-4.jar
7f015c1c6000-7f015c1c8000 r--s 00006000 08:01 2622071                    /home/naharrosp/.m2/repository/commons-cli/commons-cli/1.0/commons-cli-1.0.jar
7f015c1c8000-7f015c1c9000 r--s 00001000 08:01 2622065                    /home/naharrosp/.m2/repository/org/apache/maven/doxia/doxia-sink-api/1.0-alpha-7/doxia-sink-api-1.0-alpha-7.jar
7f015c1c9000-7f015c1ca000 r--s 00002000 08:01 2622063                    /home/naharrosp/.m2/repository/org/apache/maven/reporting/maven-reporting-api/2.0.6/maven-reporting-api-2.0.6.jar
7f015c1ca000-7f015c1cc000 r--s 00006000 08:01 1316568                    /home/naharrosp/.m2/repository/org/apache/maven/plugins/maven-resources-plugin/2.6/maven-resources-plugin-2.6.jar
7f015c1cc000-7f015c1d1000 r--s 0009d000 08:01 3543449                    /home/naharrosp/Programs/jdk1.8.0_181/jre/lib/jsse.jar
7f015c1d1000-7f015c1d2000 r--s 00002000 08:01 3545213                    /home/naharrosp/.p2/pool/plugins/org.eclipse.m2e.maven.runtime.slf4j.simple_1.9.1.20180912-1600/jars/slf4j-simple-1.7.5.jar
7f015c1d2000-7f015c1d7000 r--s 00060000 08:01 3546611                    /home/naharrosp/.p2/pool/plugins/org.eclipse.m2e.maven.runtime_1.9.1.20180912-1600/jars/okhttp-3.11.0.jar
7f015c1d7000-7f015c1d9000 r--s 0000a000 08:01 3546599                    /home/naharrosp/.p2/pool/plugins/org.eclipse.m2e.maven.runtime_1.9.1.20180912-1600/jars/maven-plugin-api-3.5.3.jar
7f015c1d9000-7f015c1de000 r--s 00027000 08:01 3546598                    /home/naharrosp/.p2/pool/plugins/org.eclipse.m2e.maven.runtime_1.9.1.20180912-1600/jars/maven-model-builder-3.5.3.jar
7f015c1de000-7f015c1e1000 r--s 00026000 08:01 3546610                    /home/naharrosp/.p2/pool/plugins/org.eclipse.m2e.maven.runtime_1.9.1.20180912-1600/jars/maven-shared-utils-3.2.1.jar
7f015c1e1000-7f015c1e2000 r--s 00003000 08:01 3546593                    /home/naharrosp/.p2/pool/plugins/org.eclipse.m2e.maven.runtime_1.9.1.20180912-1600/jars/maven-builder-support-3.5.3.jar
7f015c1e2000-7f015c1e4000 r--s 0000c000 08:01 3546624                    /home/naharrosp/.p2/pool/plugins/org.eclipse.m2e.maven.runtime_1.9.1.20180912-1600/jars/wagon-provider-api-3.0.0.jar
7f015c1e4000-7f015c1e5000 r--s 00006000 08:01 3546600                    /home/naharrosp/.p2/pool/plugins/org.eclipse.m2e.maven.runtime_1.9.1.20180912-1600/jars/maven-repository-metadata-3.5.3.jar
7f015c1e5000-7f015c1e7000 r--s 0000b000 08:01 3546583                    /home/naharrosp/.p2/pool/plugins/org.eclipse.m2e.maven.runtime_1.9.1.20180912-1600/jars/aether-connector-okhttp-0.17.4.jar
7f015c1e7000-7f015c1eb000 r--s 0003c000 08:01 3546622                    /home/naharrosp/.p2/pool/plugins/org.eclipse.m2e.maven.runtime_1.9.1.20180912-1600/jars/plexus-utils-3.1.0.jar
7f015c1eb000-7f015c1ed000 r--s 0000c000 08:01 3546592                    /home/naharrosp/.p2/pool/plugins/org.eclipse.m2e.maven.runtime_1.9.1.20180912-1600/jars/maven-artifact-3.5.3.jar
7f015c1ed000-7f015c1ef000 r--s 00007000 08:01 3546605                    /home/naharrosp/.p2/pool/plugins/org.eclipse.m2e.maven.runtime_1.9.1.20180912-1600/jars/maven-resolver-spi-1.1.1.jar
7f015c1ef000-7f015c21e000 r--s 00226000 08:01 3546588                    /home/naharrosp/.p2/pool/plugins/org.eclipse.m2e.maven.runtime_1.9.1.20180912-1600/jars/guava-20.0.jar
7f015c21e000-7f015c226000 r--s 0006e000 08:01 3546587                    /home/naharrosp/.p2/pool/plugins/org.eclipse.m2e.maven.runtime_1.9.1.20180912-1600/jars/commons-lang3-3.5.jar
7f015c226000-7f015c228000 r--s 00006000 08:01 3546606                    /home/naharrosp/.p2/pool/plugins/org.eclipse.m2e.maven.runtime_1.9.1.20180912-1600/jars/maven-resolver-transport-wagon-1.1.1.jar
7f015c228000-7f015c22a000 r--s 0000f000 08:01 3546604                    /home/naharrosp/.p2/pool/plugins/org.eclipse.m2e.maven.runtime_1.9.1.20180912-1600/jars/maven-resolver-provider-3.5.3.jar
7f015c22a000-7f015c22b000 r--s 00002000 08:01 3546623                    /home/naharrosp/.p2/pool/plugins/org.eclipse.m2e.maven.runtime_1.9.1.20180912-1600/jars/wagon-file-3.0.0.jar
7f015c22b000-7f015c22c000 r--s 00014000 08:01 3546612                    /home/naharrosp/.p2/pool/plugins/org.eclipse.m2e.maven.runtime_1.9.1.20180912-1600/jars/okio-1.14.0.jar
7f015c22c000-7f015c22d000 r--s 00001000 08:01 3546591                    /home/naharrosp/.p2/pool/plugins/org.eclipse.m2e.maven.runtime_1.9.1.20180912-1600/jars/jsr250-api-1.0.jar
7f015c22d000-7f015c231000 r--s 0002a000 08:01 3546603                    /home/naharrosp/.p2/pool/plugins/org.eclipse.m2e.maven.runtime_1.9.1.20180912-1600/jars/maven-resolver-impl-1.1.1.jar
7f015c231000-7f015c233000 r--s 00000000 08:01 3546619                    /home/naharrosp/.p2/pool/plugins/org.eclipse.m2e.maven.runtime_1.9.1.20180912-1600/jars/plexus-component-annotations-1.7.1.jar
7f015c233000-7f015c237000 r--s 00020000 08:01 3546601                    /home/naharrosp/.p2/pool/plugins/org.eclipse.m2e.maven.runtime_1.9.1.20180912-1600/jars/maven-resolver-api-1.1.1.jar
7f015c237000-7f015c238000 r--s 0000a000 08:01 3546608                    /home/naharrosp/.p2/pool/plugins/org.eclipse.m2e.maven.runtime_1.9.1.20180912-1600/jars/maven-settings-3.5.3.jar
7f015c238000-7f015c23b000 r--s 00008000 08:01 3546584                    /home/naharrosp/.p2/pool/plugins/org.eclipse.m2e.maven.runtime_1.9.1.20180912-1600/jars/cdi-api-1.0.jar
7f015c23b000-7f015c241000 r--s 0002d000 08:01 3546615                    /home/naharrosp/.p2/pool/plugins/org.eclipse.m2e.maven.runtime_1.9.1.20180912-1600/jars/org.eclipse.sisu.plexus-0.3.3.jar
7f015c241000-7f015c244000 r--s 00016000 08:01 3546596                    /home/naharrosp/.p2/pool/plugins/org.eclipse.m2e.maven.runtime_1.9.1.20180912-1600/jars/maven-embedder-3.5.3.jar
7f015c244000-7f015c24b000 r--s 00041000 08:01 3546594                    /home/naharrosp/.p2/pool/plugins/org.eclipse.m2e.maven.runtime_1.9.1.20180912-1600/jars/maven-compat-3.5.3.jar
7f015c24b000-7f015c24d000 r--s 00009000 08:01 3546609                    /home/naharrosp/.p2/pool/plugins/org.eclipse.m2e.maven.runtime_1.9.1.20180912-1600/jars/maven-settings-builder-3.5.3.jar
7f015c24d000-7f015c251000 r--s 00042000 08:01 3546590                    /home/naharrosp/.p2/pool/plugins/org.eclipse.m2e.maven.runtime_1.9.1.20180912-1600/jars/jansi-1.17.jar
7f015c251000-7f015c258000 r--s 00056000 08:01 3546613                    /home/naharrosp/.p2/pool/plugins/org.eclipse.m2e.maven.runtime_1.9.1.20180912-1600/jars/org.eclipse.sisu.inject-0.3.3.jar
7f015c258000-7f015c259000 ---p 00000000 00:00 0 
7f015c259000-7f015c359000 rw-p 00000000 00:00 0 
7f015c359000-7f015c35c000 ---p 00000000 00:00 0 
7f015c35c000-7f015c45a000 rw-p 00000000 00:00 0 
7f015c45a000-7f015c45b000 ---p 00000000 00:00 0 
7f015c45b000-7f015c45e000 ---p 00000000 00:00 0 
7f015c45e000-7f015c55b000 rw-p 00000000 00:00 0 
7f015c55b000-7f015c55c000 ---p 00000000 00:00 0 
7f015c55c000-7f015c55f000 ---p 00000000 00:00 0 
7f015c55f000-7f015c65c000 rw-p 00000000 00:00 0 
7f015c65c000-7f015c65d000 ---p 00000000 00:00 0 
7f015c65d000-7f015c660000 ---p 00000000 00:00 0 
7f015c660000-7f015c75d000 rw-p 00000000 00:00 0 
7f015c75d000-7f015c760000 ---p 00000000 00:00 0 
7f015c760000-7f015c85e000 rw-p 00000000 00:00 0 
7f015c85e000-7f015c861000 ---p 00000000 00:00 0 
7f015c861000-7f015c95f000 rw-p 00000000 00:00 0 
7f015c95f000-7f015c962000 ---p 00000000 00:00 0 
7f015c962000-7f015ca60000 rw-p 00000000 00:00 0 
7f015ca60000-7f015ca61000 ---p 00000000 00:00 0 
7f015ca61000-7f015daf4000 rw-p 00000000 00:00 0 
7f015daf4000-7f015dcce000 r--s 03d6b000 08:01 3543392                    /home/naharrosp/Programs/jdk1.8.0_181/jre/lib/rt.jar
7f015dcce000-7f015fee6000 rw-p 00000000 00:00 0 
7f015fee6000-7f015fee7000 ---p 00000000 00:00 0 
7f015fee7000-7f015ffe7000 rw-p 00000000 00:00 0 
7f015ffe7000-7f015ffe8000 ---p 00000000 00:00 0 
7f015ffe8000-7f01600e8000 rw-p 00000000 00:00 0 
7f01600e8000-7f01600e9000 ---p 00000000 00:00 0 
7f01600e9000-7f01601e9000 rw-p 00000000 00:00 0 
7f01601e9000-7f01601ea000 ---p 00000000 00:00 0 
7f01601ea000-7f01602fe000 rw-p 00000000 00:00 0 
7f01602fe000-7f01603ec000 ---p 00000000 00:00 0 
7f01603ec000-7f016041d000 rw-p 00000000 00:00 0 
7f016041d000-7f01607ac000 ---p 00000000 00:00 0 
7f01607ac000-7f01613cc000 rwxp 00000000 00:00 0 
7f01613cc000-7f016f7ac000 ---p 00000000 00:00 0 
7f016f7ac000-7f016f7c7000 r-xp 00000000 08:01 3543604                    /home/naharrosp/Programs/jdk1.8.0_181/jre/lib/amd64/libzip.so
7f016f7c7000-7f016f9c7000 ---p 0001b000 08:01 3543604                    /home/naharrosp/Programs/jdk1.8.0_181/jre/lib/amd64/libzip.so
7f016f9c7000-7f016f9c8000 rw-p 0001b000 08:01 3543604                    /home/naharrosp/Programs/jdk1.8.0_181/jre/lib/amd64/libzip.so
7f016f9c8000-7f016f9d3000 r-xp 00000000 08:01 3151276                    /lib/x86_64-linux-gnu/libnss_files-2.27.so
7f016f9d3000-7f016fbd2000 ---p 0000b000 08:01 3151276                    /lib/x86_64-linux-gnu/libnss_files-2.27.so
7f016fbd2000-7f016fbd3000 r--p 0000a000 08:01 3151276                    /lib/x86_64-linux-gnu/libnss_files-2.27.so
7f016fbd3000-7f016fbd4000 rw-p 0000b000 08:01 3151276                    /lib/x86_64-linux-gnu/libnss_files-2.27.so
7f016fbd4000-7f016fbda000 rw-p 00000000 00:00 0 
7f016fbda000-7f016fbf1000 r-xp 00000000 08:01 3151270                    /lib/x86_64-linux-gnu/libnsl-2.27.so
7f016fbf1000-7f016fdf0000 ---p 00017000 08:01 3151270                    /lib/x86_64-linux-gnu/libnsl-2.27.so
7f016fdf0000-7f016fdf1000 r--p 00016000 08:01 3151270                    /lib/x86_64-linux-gnu/libnsl-2.27.so
7f016fdf1000-7f016fdf2000 rw-p 00017000 08:01 3151270                    /lib/x86_64-linux-gnu/libnsl-2.27.so
7f016fdf2000-7f016fdf4000 rw-p 00000000 00:00 0 
7f016fdf4000-7f016fdff000 r-xp 00000000 08:01 3151287                    /lib/x86_64-linux-gnu/libnss_nis-2.27.so
7f016fdff000-7f016fffe000 ---p 0000b000 08:01 3151287                    /lib/x86_64-linux-gnu/libnss_nis-2.27.so
7f016fffe000-7f016ffff000 r--p 0000a000 08:01 3151287                    /lib/x86_64-linux-gnu/libnss_nis-2.27.so
7f016ffff000-7f0170000000 rw-p 0000b000 08:01 3151287                    /lib/x86_64-linux-gnu/libnss_nis-2.27.so
7f0170000000-7f01712fe000 rw-p 00000000 00:00 0 
7f01712fe000-7f0174000000 ---p 00000000 00:00 0 
7f0174000000-7f0174002000 r--s 00002000 08:01 3546617                    /home/naharrosp/.p2/pool/plugins/org.eclipse.m2e.maven.runtime_1.9.1.20180912-1600/jars/plexus-cipher-1.7.jar
7f0174002000-7f0174003000 r--s 00006000 08:01 3546621                    /home/naharrosp/.p2/pool/plugins/org.eclipse.m2e.maven.runtime_1.9.1.20180912-1600/jars/plexus-sec-dispatcher-1.4.jar
7f0174003000-7f017400c000 r--s 0005f000 08:01 3546589                    /home/naharrosp/.p2/pool/plugins/org.eclipse.m2e.maven.runtime_1.9.1.20180912-1600/jars/guice-4.0-no_aop.jar
7f017400c000-7f017400f000 r--s 00011000 08:01 3546620                    /home/naharrosp/.p2/pool/plugins/org.eclipse.m2e.maven.runtime_1.9.1.20180912-1600/jars/plexus-interpolation-1.24.jar
7f017400f000-7f017401c000 r--s 0008e000 08:01 3546595                    /home/naharrosp/.p2/pool/plugins/org.eclipse.m2e.maven.runtime_1.9.1.20180912-1600/jars/maven-core-3.5.3.jar
7f017401c000-7f017401e000 r--s 00009000 08:01 3546602                    /home/naharrosp/.p2/pool/plugins/org.eclipse.m2e.maven.runtime_1.9.1.20180912-1600/jars/maven-resolver-connector-basic-1.1.1.jar
7f017401e000-7f0174053000 rw-p 00000000 00:00 0 
7f0174053000-7f0174140000 ---p 00000000 00:00 0 
7f0174140000-7f017417b000 rw-p 00000000 00:00 0 
7f017417b000-7f01741c1000 ---p 00000000 00:00 0 
7f01741c1000-7f01741c2000 rw-p 00000000 00:00 0 
7f01741c2000-7f01741ca000 r-xp 00000000 08:01 3151272                    /lib/x86_64-linux-gnu/libnss_compat-2.27.so
7f01741ca000-7f01743ca000 ---p 00008000 08:01 3151272                    /lib/x86_64-linux-gnu/libnss_compat-2.27.so
7f01743ca000-7f01743cb000 r--p 00008000 08:01 3151272                    /lib/x86_64-linux-gnu/libnss_compat-2.27.so
7f01743cb000-7f01743cc000 rw-p 00009000 08:01 3151272                    /lib/x86_64-linux-gnu/libnss_compat-2.27.so
7f01743cc000-7f01743f7000 r-xp 00000000 08:01 3543598                    /home/naharrosp/Programs/jdk1.8.0_181/jre/lib/amd64/libjava.so
7f01743f7000-7f01745f6000 ---p 0002b000 08:01 3543598                    /home/naharrosp/Programs/jdk1.8.0_181/jre/lib/amd64/libjava.so
7f01745f6000-7f01745f8000 rw-p 0002a000 08:01 3543598                    /home/naharrosp/Programs/jdk1.8.0_181/jre/lib/amd64/libjava.so
7f01745f8000-7f0174605000 r-xp 00000000 08:01 3543603                    /home/naharrosp/Programs/jdk1.8.0_181/jre/lib/amd64/libverify.so
7f0174605000-7f0174805000 ---p 0000d000 08:01 3543603                    /home/naharrosp/Programs/jdk1.8.0_181/jre/lib/amd64/libverify.so
7f0174805000-7f0174807000 rw-p 0000d000 08:01 3543603                    /home/naharrosp/Programs/jdk1.8.0_181/jre/lib/amd64/libverify.so
7f0174807000-7f017480e000 r-xp 00000000 08:01 3151327                    /lib/x86_64-linux-gnu/librt-2.27.so
7f017480e000-7f0174a0d000 ---p 00007000 08:01 3151327                    /lib/x86_64-linux-gnu/librt-2.27.so
7f0174a0d000-7f0174a0e000 r--p 00006000 08:01 3151327                    /lib/x86_64-linux-gnu/librt-2.27.so
7f0174a0e000-7f0174a0f000 rw-p 00007000 08:01 3151327                    /lib/x86_64-linux-gnu/librt-2.27.so
7f0174a0f000-7f0174bac000 r-xp 00000000 08:01 3151249                    /lib/x86_64-linux-gnu/libm-2.27.so
7f0174bac000-7f0174dab000 ---p 0019d000 08:01 3151249                    /lib/x86_64-linux-gnu/libm-2.27.so
7f0174dab000-7f0174dac000 r--p 0019c000 08:01 3151249                    /lib/x86_64-linux-gnu/libm-2.27.so
7f0174dac000-7f0174dad000 rw-p 0019d000 08:01 3151249                    /lib/x86_64-linux-gnu/libm-2.27.so
7f0174dad000-7f0175a89000 r-xp 00000000 08:01 3543580                    /home/naharrosp/Programs/jdk1.8.0_181/jre/lib/amd64/server/libjvm.so
7f0175a89000-7f0175c89000 ---p 00cdc000 08:01 3543580                    /home/naharrosp/Programs/jdk1.8.0_181/jre/lib/amd64/server/libjvm.so
7f0175c89000-7f0175d63000 rw-p 00cdc000 08:01 3543580                    /home/naharrosp/Programs/jdk1.8.0_181/jre/lib/amd64/server/libjvm.so
7f0175d63000-7f0175dae000 rw-p 00000000 00:00 0 
7f0175dae000-7f0175f95000 r-xp 00000000 08:01 3151186                    /lib/x86_64-linux-gnu/libc-2.27.so
7f0175f95000-7f0176195000 ---p 001e7000 08:01 3151186                    /lib/x86_64-linux-gnu/libc-2.27.so
7f0176195000-7f0176199000 r--p 001e7000 08:01 3151186                    /lib/x86_64-linux-gnu/libc-2.27.so
7f0176199000-7f017619b000 rw-p 001eb000 08:01 3151186                    /lib/x86_64-linux-gnu/libc-2.27.so
7f017619b000-7f017619f000 rw-p 00000000 00:00 0 
7f017619f000-7f01761a2000 r-xp 00000000 08:01 3151209                    /lib/x86_64-linux-gnu/libdl-2.27.so
7f01761a2000-7f01763a1000 ---p 00003000 08:01 3151209                    /lib/x86_64-linux-gnu/libdl-2.27.so
7f01763a1000-7f01763a2000 r--p 00002000 08:01 3151209                    /lib/x86_64-linux-gnu/libdl-2.27.so
7f01763a2000-7f01763a3000 rw-p 00003000 08:01 3151209                    /lib/x86_64-linux-gnu/libdl-2.27.so
7f01763a3000-7f01763b9000 r-xp 00000000 08:01 3543285                    /home/naharrosp/Programs/jdk1.8.0_181/lib/amd64/jli/libjli.so
7f01763b9000-7f01765b8000 ---p 00016000 08:01 3543285                    /home/naharrosp/Programs/jdk1.8.0_181/lib/amd64/jli/libjli.so
7f01765b8000-7f01765b9000 rw-p 00015000 08:01 3543285                    /home/naharrosp/Programs/jdk1.8.0_181/lib/amd64/jli/libjli.so
7f01765b9000-7f01765d3000 r-xp 00000000 08:01 3151319                    /lib/x86_64-linux-gnu/libpthread-2.27.so
7f01765d3000-7f01767d2000 ---p 0001a000 08:01 3151319                    /lib/x86_64-linux-gnu/libpthread-2.27.so
7f01767d2000-7f01767d3000 r--p 00019000 08:01 3151319                    /lib/x86_64-linux-gnu/libpthread-2.27.so
7f01767d3000-7f01767d4000 rw-p 0001a000 08:01 3151319                    /lib/x86_64-linux-gnu/libpthread-2.27.so
7f01767d4000-7f01767d8000 rw-p 00000000 00:00 0 
7f01767d8000-7f01767ff000 r-xp 00000000 08:01 3151158                    /lib/x86_64-linux-gnu/ld-2.27.so
7f01767ff000-7f0176803000 r--s 0002f000 08:01 3546586                    /home/naharrosp/.p2/pool/plugins/org.eclipse.m2e.maven.runtime_1.9.1.20180912-1600/jars/commons-io-2.5.jar
7f0176803000-7f01768e5000 rw-p 00000000 00:00 0 
7f01768e5000-7f01768e6000 ---p 00000000 00:00 0 
7f01768e6000-7f01768e9000 ---p 00000000 00:00 0 
7f01768e9000-7f01769ea000 rw-p 00000000 00:00 0 
7f01769ea000-7f01769ec000 r--s 0000c000 08:01 3546585                    /home/naharrosp/.p2/pool/plugins/org.eclipse.m2e.maven.runtime_1.9.1.20180912-1600/jars/commons-cli-1.4.jar
7f01769ec000-7f01769ef000 r--s 00026000 08:01 3546597                    /home/naharrosp/.p2/pool/plugins/org.eclipse.m2e.maven.runtime_1.9.1.20180912-1600/jars/maven-model-3.5.3.jar
7f01769ef000-7f01769f3000 r--s 00023000 08:01 3546607                    /home/naharrosp/.p2/pool/plugins/org.eclipse.m2e.maven.runtime_1.9.1.20180912-1600/jars/maven-resolver-util-1.1.1.jar
7f01769f3000-7f01769f5000 r--s 0000b000 08:01 3546618                    /home/naharrosp/.p2/pool/plugins/org.eclipse.m2e.maven.runtime_1.9.1.20180912-1600/jars/plexus-classworlds-2.5.2.jar
7f01769f5000-7f01769fd000 rw-s 00000000 08:01 3932961                    /tmp/hsperfdata_naharrosp/13354
7f01769fd000-7f01769fe000 rw-p 00000000 00:00 0 
7f01769fe000-7f01769ff000 ---p 00000000 00:00 0 
7f01769ff000-7f0176a00000 r--p 00027000 08:01 3151158                    /lib/x86_64-linux-gnu/ld-2.27.so
7f0176a00000-7f0176a01000 rw-p 00028000 08:01 3151158                    /lib/x86_64-linux-gnu/ld-2.27.so
7f0176a01000-7f0176a02000 rw-p 00000000 00:00 0 
7ffdb74d2000-7ffdb74f3000 rw-p 00000000 00:00 0                          [stack]
7ffdb7585000-7ffdb7588000 r--p 00000000 00:00 0                          [vvar]
7ffdb7588000-7ffdb758a000 r-xp 00000000 00:00 0                          [vdso]
ffffffffff600000-ffffffffff601000 r-xp 00000000 00:00 0                  [vsyscall]

VM Arguments:
jvm_args: -Dmaven.home=EMBEDDED -Dclassworlds.conf=/home/naharrosp/Workspace/eclipse/.metadata/.plugins/org.eclipse.m2e.launching/launches/m2conf6450427349823280107.tmp -Dmaven.multiModuleProjectDirectory=/home/naharrosp/Workspace/eclipse/testGoogle -Dfile.encoding=UTF-8 
java_command: org.codehaus.plexus.classworlds.launcher.Launcher -B install
java_class_path (initial): /home/naharrosp/.p2/pool/plugins/org.eclipse.m2e.maven.runtime_1.9.1.20180912-1600/jars/plexus-classworlds-2.5.2.jar
Launcher Type: SUN_STANDARD

Environment Variables:
PATH=/home/naharrosp/Programs/jdk1.8.0_181/bin:/usr/local/sbin:/usr/local/bin:/usr/sbin:/usr/bin:/sbin:/bin:/usr/games:/usr/local/games:/snap/bin
USERNAME=naharrosp
SHELL=/bin/bash
DISPLAY=:1

Signal Handlers:
SIGSEGV: [libjvm.so+0xad2a40], sa_mask[0]=11111111011111111101111111111110, sa_flags=SA_RESTART|SA_SIGINFO
SIGBUS: [libjvm.so+0xad2a40], sa_mask[0]=11111111011111111101111111111110, sa_flags=SA_RESTART|SA_SIGINFO
SIGFPE: [libjvm.so+0x92a610], sa_mask[0]=11111111011111111101111111111110, sa_flags=SA_RESTART|SA_SIGINFO
SIGPIPE: [libjvm.so+0x92a610], sa_mask[0]=11111111011111111101111111111110, sa_flags=SA_RESTART|SA_SIGINFO
SIGXFSZ: [libjvm.so+0x92a610], sa_mask[0]=11111111011111111101111111111110, sa_flags=SA_RESTART|SA_SIGINFO
SIGILL: [libjvm.so+0x92a610], sa_mask[0]=11111111011111111101111111111110, sa_flags=SA_RESTART|SA_SIGINFO
SIGUSR1: SIG_DFL, sa_mask[0]=00000000000000000000000000000000, sa_flags=none
SIGUSR2: [libjvm.so+0x92be70], sa_mask[0]=00100000000000000000000000000000, sa_flags=SA_RESTART|SA_SIGINFO
SIGHUP: [libjvm.so+0x92d270], sa_mask[0]=11111111011111111101111111111110, sa_flags=SA_RESTART|SA_SIGINFO
SIGINT: [libjvm.so+0x92d270], sa_mask[0]=11111111011111111101111111111110, sa_flags=SA_RESTART|SA_SIGINFO
SIGTERM: [libjvm.so+0x92d270], sa_mask[0]=11111111011111111101111111111110, sa_flags=SA_RESTART|SA_SIGINFO
SIGQUIT: [libjvm.so+0x92d270], sa_mask[0]=11111111011111111101111111111110, sa_flags=SA_RESTART|SA_SIGINFO


---------------  S Y S T E M  ---------------

OS:DISTRIB_ID=Ubuntu
DISTRIB_RELEASE=18.04
DISTRIB_CODENAME=bionic
DISTRIB_DESCRIPTION="Ubuntu 18.04.1 LTS"

uname:Linux 4.15.0-36-generic #39-Ubuntu SMP Mon Sep 24 16:19:09 UTC 2018 x86_64
libc:glibc 2.27 NPTL 2.27 
rlimit: STACK 8192k, CORE 0k, NPROC 15521, NOFILE 4096, AS infinity
load average:1,60 1,10 0,84

/proc/meminfo:
MemTotal:        3153960 kB
MemFree:           88904 kB
MemAvailable:       1884 kB
Buffers:            1472 kB
Cached:           153592 kB
SwapCached:         4536 kB
Active:          2275056 kB
Inactive:         579616 kB
Active(anon):    2259720 kB
Inactive(anon):   564760 kB
Active(file):      15336 kB
Inactive(file):    14856 kB
Unevictable:          48 kB
Mlocked:              48 kB
SwapTotal:       2097148 kB
SwapFree:              0 kB
Dirty:                24 kB
Writeback:             0 kB
AnonPages:       2695784 kB
Mapped:           144584 kB
Shmem:            124452 kB
Slab:              95664 kB
SReclaimable:      39052 kB
SUnreclaim:        56612 kB
KernelStack:       16240 kB
PageTables:        61800 kB
NFS_Unstable:          0 kB
Bounce:                0 kB
WritebackTmp:          0 kB
CommitLimit:     3674128 kB
Committed_AS:   11050968 kB
VmallocTotal:   34359738367 kB
VmallocUsed:           0 kB
VmallocChunk:          0 kB
HardwareCorrupted:     0 kB
AnonHugePages:         0 kB
ShmemHugePages:        0 kB
ShmemPmdMapped:        0 kB
CmaTotal:              0 kB
CmaFree:               0 kB
HugePages_Total:       0
HugePages_Free:        0
HugePages_Rsvd:        0
HugePages_Surp:        0
Hugepagesize:       2048 kB
DirectMap4k:      208816 kB
DirectMap2M:     3985408 kB


CPU:total 4 (initial active 4) (4 cores per cpu, 1 threads per core) family 6 model 78 stepping 3, cmov, cx8, fxsr, mmx, sse, sse2, sse3, ssse3, sse4.1, sse4.2, popcnt, avx, avx2, aes, clmul, erms, 3dnowpref, lzcnt, tsc, tscinvbit, bmi1, bmi2, adx

/proc/cpuinfo:
processor	: 0
vendor_id	: GenuineIntel
cpu family	: 6
model		: 78
model name	: Intel(R) Core(TM) i5-6360U CPU @ 2.00GHz
stepping	: 3
microcode	: 0xba
cpu MHz		: 1992.000
cache size	: 4096 KB
physical id	: 0
siblings	: 4
core id		: 0
cpu cores	: 4
apicid		: 0
initial apicid	: 0
fpu		: yes
fpu_exception	: yes
cpuid level	: 22
wp		: yes
flags		: fpu vme de pse tsc msr pae mce cx8 apic sep mtrr pge mca cmov pat pse36 clflush mmx fxsr sse sse2 ss ht syscall nx rdtscp lm constant_tsc nopl xtopology nonstop_tsc cpuid pni pclmulqdq ssse3 fma cx16 pcid sse4_1 sse4_2 x2apic movbe popcnt tsc_deadline_timer aes xsave avx f16c rdrand hypervisor lahf_lm abm 3dnowprefetch invpcid_single pti fsgsbase tsc_adjust bmi1 hle avx2 smep bmi2 invpcid mpx adx clflushopt xsaveopt dtherm arat pln pts
bugs		: cpu_meltdown spectre_v1 spectre_v2 spec_store_bypass l1tf
bogomips	: 3984.00
clflush size	: 64
cache_alignment	: 64
address sizes	: 36 bits physical, 48 bits virtual
power management:

processor	: 1
vendor_id	: GenuineIntel
cpu family	: 6
model		: 78
model name	: Intel(R) Core(TM) i5-6360U CPU @ 2.00GHz
stepping	: 3
microcode	: 0xba
cpu MHz		: 1992.000
cache size	: 4096 KB
physical id	: 0
siblings	: 4
core id		: 1
cpu cores	: 4
apicid		: 1
initial apicid	: 1
fpu		: yes
fpu_exception	: yes
cpuid level	: 22
wp		: yes
flags		: fpu vme de pse tsc msr pae mce cx8 apic sep mtrr pge mca cmov pat pse36 clflush mmx fxsr sse sse2 ss ht syscall nx rdtscp lm constant_tsc nopl xtopology nonstop_tsc cpuid pni pclmulqdq ssse3 fma cx16 pcid sse4_1 sse4_2 x2apic movbe popcnt tsc_deadline_timer aes xsave avx f16c rdrand hypervisor lahf_lm abm 3dnowprefetch invpcid_single pti fsgsbase tsc_adjust bmi1 hle avx2 smep bmi2 invpcid mpx adx clflushopt xsaveopt dtherm arat pln pts
bugs		: cpu_meltdown spectre_v1 spectre_v2 spec_store_bypass l1tf
bogomips	: 3984.00
clflush size	: 64
cache_alignment	: 64
address sizes	: 36 bits physical, 48 bits virtual
power management:

processor	: 2
vendor_id	: GenuineIntel
cpu family	: 6
model		: 78
model name	: Intel(R) Core(TM) i5-6360U CPU @ 2.00GHz
stepping	: 3
microcode	: 0xba
cpu MHz		: 1992.000
cache size	: 4096 KB
physical id	: 0
siblings	: 4
core id		: 2
cpu cores	: 4
apicid		: 2
initial apicid	: 2
fpu		: yes
fpu_exception	: yes
cpuid level	: 22
wp		: yes
flags		: fpu vme de pse tsc msr pae mce cx8 apic sep mtrr pge mca cmov pat pse36 clflush mmx fxsr sse sse2 ss ht syscall nx rdtscp lm constant_tsc nopl xtopology nonstop_tsc cpuid pni pclmulqdq ssse3 fma cx16 pcid sse4_1 sse4_2 x2apic movbe popcnt tsc_deadline_timer aes xsave avx f16c rdrand hypervisor lahf_lm abm 3dnowprefetch invpcid_single pti fsgsbase tsc_adjust bmi1 hle avx2 smep bmi2 invpcid mpx adx clflushopt xsaveopt dtherm arat pln pts
bugs		: cpu_meltdown spectre_v1 spectre_v2 spec_store_bypass l1tf
bogomips	: 3984.00
clflush size	: 64
cache_alignment	: 64
address sizes	: 36 bits physical, 48 bits virtual
power management:

processor	: 3
vendor_id	: GenuineIntel
cpu family	: 6
model		: 78
model name	: Intel(R) Core(TM) i5-6360U CPU @ 2.00GHz
stepping	: 3
microcode	: 0xba
cpu MHz		: 1992.000
cache size	: 4096 KB
physical id	: 0
siblings	: 4
core id		: 3
cpu cores	: 4
apicid		: 3
initial apicid	: 3
fpu		: yes
fpu_exception	: yes
cpuid level	: 22
wp		: yes
flags		: fpu vme de pse tsc msr pae mce cx8 apic sep mtrr pge mca cmov pat pse36 clflush mmx fxsr sse sse2 ss ht syscall nx rdtscp lm constant_tsc nopl xtopology nonstop_tsc cpuid pni pclmulqdq ssse3 fma cx16 pcid sse4_1 sse4_2 x2apic movbe popcnt tsc_deadline_timer aes xsave avx f16c rdrand hypervisor lahf_lm abm 3dnowprefetch invpcid_single pti fsgsbase tsc_adjust bmi1 hle avx2 smep bmi2 invpcid mpx adx clflushopt xsaveopt dtherm arat pln pts
bugs		: cpu_meltdown spectre_v1 spectre_v2 spec_store_bypass l1tf
bogomips	: 3984.00
clflush size	: 64
cache_alignment	: 64
address sizes	: 36 bits physical, 48 bits virtual
power management:



Memory: 4k page, physical 3153960k(88204k free), swap 2097148k(0k free)

vm_info: Java HotSpot(TM) 64-Bit Server VM (25.181-b13) for linux-amd64 JRE (1.8.0_181-b13), built on Jul  7 2018 00:56:38 by "java_re" with gcc 4.3.0 20080428 (Red Hat 4.3.0-8)

time: Thu Nov  8 17:03:03 2018
elapsed time: 6 seconds (0d 0h 0m 6s)

