#
# There is insufficient memory for the Java Runtime Environment to continue.
# Native memory allocation (mmap) failed to map 55574528 bytes for committing reserved memory.
# Possible reasons:
#   The system is out of physical RAM or swap space
#   In 32 bit mode, the process size limit was hit
# Possible solutions:
#   Reduce memory load on the system
#   Increase physical memory or swap space
#   Check if swap backing store is full
#   Use 64 bit Java on a 64 bit OS
#   Decrease Java heap size (-Xmx/-Xms)
#   Decrease number of Java threads
#   Decrease Java thread stack sizes (-Xss)
#   Set larger code cache with -XX:ReservedCodeCacheSize=
# This output file may be truncated or incomplete.
#
#  Out of Memory Error (os_linux.cpp:2640), pid=29769, tid=0x00007f62243a2700
#
# JRE version: Java(TM) SE Runtime Environment (8.0_181-b13) (build 1.8.0_181-b13)
# Java VM: Java HotSpot(TM) 64-Bit Server VM (25.181-b13 mixed mode linux-amd64 compressed oops)
# Failed to write core dump. Core dumps have been disabled. To enable core dumping, try "ulimit -c unlimited" before starting Java again
#

---------------  T H R E A D  ---------------

Current thread (0x00007f6238079800):  VMThread [stack: 0x00007f62242a3000,0x00007f62243a3000] [id=29780]

Stack: [0x00007f62242a3000,0x00007f62243a3000],  sp=0x00007f62243a1040,  free space=1016k
Native frames: (J=compiled Java code, j=interpreted, Vv=VM code, C=native code)
V  [libjvm.so+0xad21aa]  VMError::report_and_die()+0x2ba
V  [libjvm.so+0x5022db]  report_vm_out_of_memory(char const*, int, unsigned long, VMErrorType, char const*)+0x8b
V  [libjvm.so+0x92fe33]  os::Linux::commit_memory_impl(char*, unsigned long, bool)+0x123
V  [libjvm.so+0x930059]  os::pd_commit_memory(char*, unsigned long, unsigned long, bool)+0x29
V  [libjvm.so+0x9272ba]  os::commit_memory(char*, unsigned long, unsigned long, bool)+0x2a
V  [libjvm.so+0x99d2e3]  PSVirtualSpace::expand_by(unsigned long)+0x53
V  [libjvm.so+0x99e6e8]  PSYoungGen::resize_generation(unsigned long, unsigned long)+0xf8
V  [libjvm.so+0x99d842]  PSYoungGen::resize(unsigned long, unsigned long)+0x22
V  [libjvm.so+0x99ab1b]  PSScavenge::invoke_no_policy()+0xf3b
V  [libjvm.so+0x99b2a1]  PSScavenge::invoke()+0x41
V  [libjvm.so+0x951d70]  ParallelScavengeHeap::failed_mem_allocate(unsigned long)+0x70
V  [libjvm.so+0xad3c27]  VM_ParallelGCFailedAllocation::doit()+0x97
V  [libjvm.so+0xadb745]  VM_Operation::evaluate()+0x55
V  [libjvm.so+0xad9b0a]  VMThread::evaluate_operation(VM_Operation*)+0xba
V  [libjvm.so+0xad9e8e]  VMThread::loop()+0x1ce
V  [libjvm.so+0xada300]  VMThread::run()+0x70
V  [libjvm.so+0x930198]  java_start(Thread*)+0x108

VM_Operation (0x00007f623e245040): ParallelGCFailedAllocation, mode: safepoint, requested by thread 0x00007f623800b800


---------------  P R O C E S S  ---------------

Java Threads: ( => current thread )
  0x00007f62380d5800 JavaThread "Service Thread" daemon [_thread_blocked, id=29791, stack(0x00007f621f12c000,0x00007f621f22d000)]
  0x00007f62380c0000 JavaThread "C1 CompilerThread2" daemon [_thread_blocked, id=29790, stack(0x00007f621f22e000,0x00007f621f32e000)]
  0x00007f62380be800 JavaThread "C2 CompilerThread1" daemon [_thread_in_native, id=29789, stack(0x00007f621f32f000,0x00007f621f42f000)]
  0x00007f62380bb800 JavaThread "C2 CompilerThread0" daemon [_thread_blocked, id=29788, stack(0x00007f621f430000,0x00007f621f530000)]
  0x00007f62380ba000 JavaThread "Signal Dispatcher" daemon [_thread_blocked, id=29787, stack(0x00007f621f530000,0x00007f621f631000)]
  0x00007f6238086000 JavaThread "Finalizer" daemon [_thread_blocked, id=29783, stack(0x00007f62240a0000,0x00007f62241a1000)]
  0x00007f6238083800 JavaThread "Reference Handler" daemon [_thread_blocked, id=29782, stack(0x00007f62241a1000,0x00007f62242a2000)]
  0x00007f623800b800 JavaThread "main" [_thread_blocked, id=29775, stack(0x00007f623e14a000,0x00007f623e24a000)]

Other Threads:
=>0x00007f6238079800 VMThread [stack: 0x00007f62242a3000,0x00007f62243a3000] [id=29780]
  0x00007f62380da000 WatcherThread [stack: 0x00007f621f02c000,0x00007f621f12c000] [id=29792]

VM state:at safepoint (normal execution)

VM Mutex/Monitor currently owned by a thread:  ([mutex/lock_event])
[0x00007f6238007e40] Threads_lock - owner thread: 0x00007f6238079800
[0x00007f6238008340] Heap_lock - owner thread: 0x00007f623800b800

Heap:
 PSYoungGen      total 57344K, used 6128K [0x00000000efd00000, 0x00000000f3b00000, 0x0000000100000000)
  eden space 51200K, 0% used [0x00000000efd00000,0x00000000efd00000,0x00000000f2f00000)
  from space 6144K, 99% used [0x00000000f2f00000,0x00000000f34fc010,0x00000000f3500000)
  to   space 6144K, 0% used [0x00000000f3500000,0x00000000f3500000,0x00000000f3b00000)
 ParOldGen       total 34304K, used 10622K [0x00000000cf600000, 0x00000000d1780000, 0x00000000efd00000)
  object space 34304K, 30% used [0x00000000cf600000,0x00000000d005f968,0x00000000d1780000)
 Metaspace       used 16433K, capacity 16764K, committed 17024K, reserved 1064960K
  class space    used 1971K, capacity 2078K, committed 2176K, reserved 1048576K

Card table byte_map: [0x00007f6227c21000,0x00007f6227da7000] byte_map_base: 0x00007f62275a6000

Marking Bits: (ParMarkBitMap*) 0x00007f623d5e50a0
 Begin Bits: [0x00007f6225ec9000, 0x00007f6226af1000)
 End Bits:   [0x00007f6226af1000, 0x00007f6227719000)

Polling page: 0x00007f623e262000

CodeCache: size=245760Kb used=8982Kb max_used=8982Kb free=236777Kb
 bounds [0x00007f6228167000, 0x00007f6228a37000, 0x00007f6237167000]
 total_blobs=3036 nmethods=2677 adapters=271
 compilation: enabled

Compilation events (10 events):
Event: 4,007 Thread 0x00007f62380c0000 nmethod 2674 0x00007f6228a2d0d0 code [0x00007f6228a2d320, 0x00007f6228a2df98]
Event: 4,008 Thread 0x00007f62380c0000 2675       3       org.apache.maven.model.merge.ModelMerger::mergeRepositoryBase_Id (41 bytes)
Event: 4,008 Thread 0x00007f62380c0000 nmethod 2675 0x00007f6228a30990 code [0x00007f6228a30b80, 0x00007f6228a316f8]
Event: 4,008 Thread 0x00007f62380c0000 2676       3       org.apache.maven.model.merge.ModelMerger::mergeRepositoryBase_Name (41 bytes)
Event: 4,009 Thread 0x00007f62380c0000 nmethod 2676 0x00007f6228a31bd0 code [0x00007f6228a31dc0, 0x00007f6228a32938]
Event: 4,009 Thread 0x00007f62380c0000 2677       3       org.apache.maven.model.merge.ModelMerger::mergeRepositoryBase_Url (41 bytes)
Event: 4,010 Thread 0x00007f62380c0000 nmethod 2677 0x00007f6228a32e10 code [0x00007f6228a33000, 0x00007f6228a33b78]
Event: 4,010 Thread 0x00007f62380c0000 2680       3       org.apache.maven.model.merge.ModelMerger::mergeRepositoryBase (37 bytes)
Event: 4,010 Thread 0x00007f62380c0000 nmethod 2680 0x00007f6228a28b10 code [0x00007f6228a28ca0, 0x00007f6228a29118]
Event: 4,010 Thread 0x00007f62380c0000 2681       3       org.apache.maven.model.merge.ModelMerger::mergeRepository_Releases (49 bytes)

GC Heap History (10 events):
Event: 1,374 GC heap after
Heap after GC invocations=2 (full 0):
 PSYoungGen      total 14848K, used 2021K [0x00000000efd00000, 0x00000000f1a00000, 0x0000000100000000)
  eden space 12800K, 0% used [0x00000000efd00000,0x00000000efd00000,0x00000000f0980000)
  from space 2048K, 98% used [0x00000000f0b80000,0x00000000f0d79580,0x00000000f0d80000)
  to   space 2048K, 0% used [0x00000000f0980000,0x00000000f0980000,0x00000000f0b80000)
 ParOldGen       total 34304K, used 1939K [0x00000000cf600000, 0x00000000d1780000, 0x00000000efd00000)
  object space 34304K, 5% used [0x00000000cf600000,0x00000000cf7e4f38,0x00000000d1780000)
 Metaspace       used 8383K, capacity 8524K, committed 8832K, reserved 1056768K
  class space    used 1017K, capacity 1080K, committed 1152K, reserved 1048576K
}
Event: 1,671 GC heap before
{Heap before GC invocations=3 (full 0):
 PSYoungGen      total 14848K, used 14821K [0x00000000efd00000, 0x00000000f1a00000, 0x0000000100000000)
  eden space 12800K, 100% used [0x00000000efd00000,0x00000000f0980000,0x00000000f0980000)
  from space 2048K, 98% used [0x00000000f0b80000,0x00000000f0d79580,0x00000000f0d80000)
  to   space 2048K, 0% used [0x00000000f0980000,0x00000000f0980000,0x00000000f0b80000)
 ParOldGen       total 34304K, used 1939K [0x00000000cf600000, 0x00000000d1780000, 0x00000000efd00000)
  object space 34304K, 5% used [0x00000000cf600000,0x00000000cf7e4f38,0x00000000d1780000)
 Metaspace       used 9105K, capacity 9202K, committed 9472K, reserved 1056768K
  class space    used 1124K, capacity 1177K, committed 1280K, reserved 1048576K
Event: 1,676 GC heap after
Heap after GC invocations=3 (full 0):
 PSYoungGen      total 14848K, used 2029K [0x00000000efd00000, 0x00000000f1a00000, 0x0000000100000000)
  eden space 12800K, 0% used [0x00000000efd00000,0x00000000efd00000,0x00000000f0980000)
  from space 2048K, 99% used [0x00000000f0980000,0x00000000f0b7b640,0x00000000f0b80000)
  to   space 2048K, 0% used [0x00000000f1800000,0x00000000f1800000,0x00000000f1a00000)
 ParOldGen       total 34304K, used 2960K [0x00000000cf600000, 0x00000000d1780000, 0x00000000efd00000)
  object space 34304K, 8% used [0x00000000cf600000,0x00000000cf8e4170,0x00000000d1780000)
 Metaspace       used 9105K, capacity 9202K, committed 9472K, reserved 1056768K
  class space    used 1124K, capacity 1177K, committed 1280K, reserved 1048576K
}
Event: 1,856 GC heap before
{Heap before GC invocations=4 (full 0):
 PSYoungGen      total 14848K, used 14829K [0x00000000efd00000, 0x00000000f1a00000, 0x0000000100000000)
  eden space 12800K, 100% used [0x00000000efd00000,0x00000000f0980000,0x00000000f0980000)
  from space 2048K, 99% used [0x00000000f0980000,0x00000000f0b7b640,0x00000000f0b80000)
  to   space 2048K, 0% used [0x00000000f1800000,0x00000000f1800000,0x00000000f1a00000)
 ParOldGen       total 34304K, used 2960K [0x00000000cf600000, 0x00000000d1780000, 0x00000000efd00000)
  object space 34304K, 8% used [0x00000000cf600000,0x00000000cf8e4170,0x00000000d1780000)
 Metaspace       used 10571K, capacity 10798K, committed 11008K, reserved 1058816K
  class space    used 1312K, capacity 1411K, committed 1536K, reserved 1048576K
Event: 1,864 GC heap after
Heap after GC invocations=4 (full 0):
 PSYoungGen      total 27648K, used 2016K [0x00000000efd00000, 0x00000000f1a00000, 0x0000000100000000)
  eden space 25600K, 0% used [0x00000000efd00000,0x00000000efd00000,0x00000000f1600000)
  from space 2048K, 98% used [0x00000000f1800000,0x00000000f19f8020,0x00000000f1a00000)
  to   space 2048K, 0% used [0x00000000f1600000,0x00000000f1600000,0x00000000f1800000)
 ParOldGen       total 34304K, used 5039K [0x00000000cf600000, 0x00000000d1780000, 0x00000000efd00000)
  object space 34304K, 14% used [0x00000000cf600000,0x00000000cfaebca0,0x00000000d1780000)
 Metaspace       used 10571K, capacity 10798K, committed 11008K, reserved 1058816K
  class space    used 1312K, capacity 1411K, committed 1536K, reserved 1048576K
}
Event: 2,358 GC heap before
{Heap before GC invocations=5 (full 0):
 PSYoungGen      total 27648K, used 27616K [0x00000000efd00000, 0x00000000f1a00000, 0x0000000100000000)
  eden space 25600K, 100% used [0x00000000efd00000,0x00000000f1600000,0x00000000f1600000)
  from space 2048K, 98% used [0x00000000f1800000,0x00000000f19f8020,0x00000000f1a00000)
  to   space 2048K, 0% used [0x00000000f1600000,0x00000000f1600000,0x00000000f1800000)
 ParOldGen       total 34304K, used 5039K [0x00000000cf600000, 0x00000000d1780000, 0x00000000efd00000)
  object space 34304K, 14% used [0x00000000cf600000,0x00000000cfaebca0,0x00000000d1780000)
 Metaspace       used 13870K, capacity 14074K, committed 14208K, reserved 1060864K
  class space    used 1733K, capacity 1807K, committed 1920K, reserved 1048576K
Event: 2,366 GC heap after
Heap after GC invocations=5 (full 0):
 PSYoungGen      total 27648K, used 2032K [0x00000000efd00000, 0x00000000f3b00000, 0x0000000100000000)
  eden space 25600K, 0% used [0x00000000efd00000,0x00000000efd00000,0x00000000f1600000)
  from space 2048K, 99% used [0x00000000f1600000,0x00000000f17fc030,0x00000000f1800000)
  to   space 6144K, 0% used [0x00000000f3500000,0x00000000f3500000,0x00000000f3b00000)
 ParOldGen       total 34304K, used 9194K [0x00000000cf600000, 0x00000000d1780000, 0x00000000efd00000)
  object space 34304K, 26% used [0x00000000cf600000,0x00000000cfefab70,0x00000000d1780000)
 Metaspace       used 13870K, capacity 14074K, committed 14208K, reserved 1060864K
  class space    used 1733K, capacity 1807K, committed 1920K, reserved 1048576K
}
Event: 2,949 GC heap before
{Heap before GC invocations=6 (full 0):
 PSYoungGen      total 27648K, used 27632K [0x00000000efd00000, 0x00000000f3b00000, 0x0000000100000000)
  eden space 25600K, 100% used [0x00000000efd00000,0x00000000f1600000,0x00000000f1600000)
  from space 2048K, 99% used [0x00000000f1600000,0x00000000f17fc030,0x00000000f1800000)
  to   space 6144K, 0% used [0x00000000f3500000,0x00000000f3500000,0x00000000f3b00000)
 ParOldGen       total 34304K, used 9194K [0x00000000cf600000, 0x00000000d1780000, 0x00000000efd00000)
  object space 34304K, 26% used [0x00000000cf600000,0x00000000cfefab70,0x00000000d1780000)
 Metaspace       used 15328K, capacity 15512K, committed 15872K, reserved 1062912K
  class space    used 1871K, capacity 1940K, committed 2048K, reserved 1048576K
Event: 2,967 GC heap after
Heap after GC invocations=6 (full 0):
 PSYoungGen      total 57344K, used 4929K [0x00000000efd00000, 0x00000000f3b00000, 0x0000000100000000)
  eden space 51200K, 0% used [0x00000000efd00000,0x00000000efd00000,0x00000000f2f00000)
  from space 6144K, 80% used [0x00000000f3500000,0x00000000f39d0480,0x00000000f3b00000)
  to   space 6144K, 0% used [0x00000000f2f00000,0x00000000f2f00000,0x00000000f3500000)
 ParOldGen       total 34304K, used 9194K [0x00000000cf600000, 0x00000000d1780000, 0x00000000efd00000)
  object space 34304K, 26% used [0x00000000cf600000,0x00000000cfefab70,0x00000000d1780000)
 Metaspace       used 15328K, capacity 15512K, committed 15872K, reserved 1062912K
  class space    used 1871K, capacity 1940K, committed 2048K, reserved 1048576K
}
Event: 4,010 GC heap before
{Heap before GC invocations=7 (full 0):
 PSYoungGen      total 57344K, used 56129K [0x00000000efd00000, 0x00000000f3b00000, 0x0000000100000000)
  eden space 51200K, 100% used [0x00000000efd00000,0x00000000f2f00000,0x00000000f2f00000)
  from space 6144K, 80% used [0x00000000f3500000,0x00000000f39d0480,0x00000000f3b00000)
  to   space 6144K, 0% used [0x00000000f2f00000,0x00000000f2f00000,0x00000000f3500000)
 ParOldGen       total 34304K, used 9194K [0x00000000cf600000, 0x00000000d1780000, 0x00000000efd00000)
  object space 34304K, 26% used [0x00000000cf600000,0x00000000cfefab70,0x00000000d1780000)
 Metaspace       used 16433K, capacity 16764K, committed 17024K, reserved 1064960K
  class space    used 1971K, capacity 2078K, committed 2176K, reserved 1048576K

Deoptimization events (10 events):
Event: 3,659 Thread 0x00007f623800b800 Uncommon trap: reason=bimorphic action=maybe_recompile pc=0x00007f6228843dd4 method=java.util.regex.Pattern$Curly.match0(Ljava/util/regex/Matcher;IILjava/lang/CharSequence;)Z @ 170
Event: 3,660 Thread 0x00007f623800b800 Uncommon trap: reason=bimorphic action=maybe_recompile pc=0x00007f6228843dd4 method=java.util.regex.Pattern$Curly.match0(Ljava/util/regex/Matcher;IILjava/lang/CharSequence;)Z @ 170
Event: 3,660 Thread 0x00007f623800b800 Uncommon trap: reason=bimorphic action=maybe_recompile pc=0x00007f6228843dd4 method=java.util.regex.Pattern$Curly.match0(Ljava/util/regex/Matcher;IILjava/lang/CharSequence;)Z @ 170
Event: 3,871 Thread 0x00007f623800b800 Uncommon trap: reason=unstable_if action=reinterpret pc=0x00007f6228675174 method=sun.net.www.protocol.jar.Handler.parseURL(Ljava/net/URL;Ljava/lang/String;II)V @ 94
Event: 3,880 Thread 0x00007f623800b800 Uncommon trap: reason=class_check action=maybe_recompile pc=0x00007f622869c008 method=com.google.inject.internal.LinkedBindingImpl.acceptTargetVisitor(Lcom/google/inject/spi/BindingTargetVisitor;)Ljava/lang/Object; @ 2
Event: 3,880 Thread 0x00007f623800b800 Uncommon trap: reason=class_check action=maybe_recompile pc=0x00007f622869c008 method=com.google.inject.internal.LinkedBindingImpl.acceptTargetVisitor(Lcom/google/inject/spi/BindingTargetVisitor;)Ljava/lang/Object; @ 2
Event: 3,894 Thread 0x00007f623800b800 Uncommon trap: reason=bimorphic action=maybe_recompile pc=0x00007f622874c13c method=java.util.regex.Pattern$CharProperty.match(Ljava/util/regex/Matcher;ILjava/lang/CharSequence;)Z @ 37
Event: 3,909 Thread 0x00007f623800b800 Uncommon trap: reason=class_check action=maybe_recompile pc=0x00007f622869c008 method=com.google.inject.internal.LinkedBindingImpl.acceptTargetVisitor(Lcom/google/inject/spi/BindingTargetVisitor;)Ljava/lang/Object; @ 2
Event: 3,909 Thread 0x00007f623800b800 Uncommon trap: reason=class_check action=maybe_recompile pc=0x00007f622869c008 method=com.google.inject.internal.LinkedBindingImpl.acceptTargetVisitor(Lcom/google/inject/spi/BindingTargetVisitor;)Ljava/lang/Object; @ 2
Event: 3,974 Thread 0x00007f623800b800 Uncommon trap: reason=unstable_if action=reinterpret pc=0x00007f6228982ed0 method=org.apache.maven.model.ConfigurationContainer.clone()Lorg/apache/maven/model/ConfigurationContainer; @ 37

Classes redefined (0 events):
No events

Internal exceptions (10 events):
Event: 2,137 Thread 0x00007f623800b800 Exception <a 'java/lang/NoClassDefFoundError'> (0x00000000f103d7a8) thrown at [/HUDSON/workspace/8-2-build-linux-amd64/jdk8u181/11358/hotspot/src/share/vm/prims/jvm.cpp, line 1439]
Event: 2,138 Thread 0x00007f623800b800 Exception <a 'java/lang/NoClassDefFoundError': javax/annotation/Priority> (0x00000000f10451f8) thrown at [/HUDSON/workspace/8-2-build-linux-amd64/jdk8u181/11358/hotspot/src/share/vm/classfile/systemDictionary.cpp, line 199]
Event: 2,355 Thread 0x00007f623800b800 Exception <a 'java/lang/NullPointerException'> (0x00000000f15da5a8) thrown at [/HUDSON/workspace/8-2-build-linux-amd64/jdk8u181/11358/hotspot/src/share/vm/interpreter/linkResolver.cpp, line 1185]
Event: 2,355 Thread 0x00007f623800b800 Exception <a 'java/lang/NullPointerException'> (0x00000000f15da7c0) thrown at [/HUDSON/workspace/8-2-build-linux-amd64/jdk8u181/11358/hotspot/src/share/vm/interpreter/linkResolver.cpp, line 1185]
Event: 2,355 Thread 0x00007f623800b800 Exception <a 'java/lang/NullPointerException'> (0x00000000f15da9d8) thrown at [/HUDSON/workspace/8-2-build-linux-amd64/jdk8u181/11358/hotspot/src/share/vm/interpreter/linkResolver.cpp, line 1185]
Event: 2,356 Thread 0x00007f623800b800 Exception <a 'java/lang/NullPointerException'> (0x00000000f15f0858) thrown at [/HUDSON/workspace/8-2-build-linux-amd64/jdk8u181/11358/hotspot/src/share/vm/interpreter/linkResolver.cpp, line 1185]
Event: 2,356 Thread 0x00007f623800b800 Exception <a 'java/lang/NullPointerException'> (0x00000000f15f0a70) thrown at [/HUDSON/workspace/8-2-build-linux-amd64/jdk8u181/11358/hotspot/src/share/vm/interpreter/linkResolver.cpp, line 1185]
Event: 2,356 Thread 0x00007f623800b800 Exception <a 'java/lang/NullPointerException'> (0x00000000f15f0c88) thrown at [/HUDSON/workspace/8-2-build-linux-amd64/jdk8u181/11358/hotspot/src/share/vm/interpreter/linkResolver.cpp, line 1185]
Event: 2,560 Thread 0x00007f623800b800 Implicit null exception at 0x00007f62283cf6f5 to 0x00007f62283cf8d9
Event: 2,598 Thread 0x00007f623800b800 Implicit null exception at 0x00007f6228720917 to 0x00007f62287210a5

Events (10 events):
Event: 3,969 loading class org/apache/maven/plugin/logging/Log
Event: 3,969 loading class org/apache/maven/plugin/logging/Log done
Event: 3,970 loading class org/apache/maven/artifact/resolver/filter/CumulativeScopeArtifactFilter
Event: 3,970 loading class org/apache/maven/artifact/resolver/filter/CumulativeScopeArtifactFilter done
Event: 3,972 loading class org/apache/maven/artifact/resolver/filter/AbstractScopeArtifactFilter
Event: 3,972 loading class org/apache/maven/artifact/resolver/filter/AbstractScopeArtifactFilter done
Event: 3,974 Thread 0x00007f623800b800 Uncommon trap: trap_request=0xffffff65 fr.pc=0x00007f6228982ed0
Event: 3,974 Thread 0x00007f623800b800 DEOPT PACKING pc=0x00007f6228982ed0 sp=0x00007f623e247370
Event: 3,974 Thread 0x00007f623800b800 DEOPT UNPACKING pc=0x00007f62281ac73a sp=0x00007f623e247348 mode 2
Event: 4,010 Executing VM operation: ParallelGCFailedAllocation


Dynamic libraries:
00400000-00401000 r-xp 00000000 08:01 3414974                            /home/naharrosp/Programs/jdk1.8.0_181/bin/java
00600000-00601000 rw-p 00000000 08:01 3414974                            /home/naharrosp/Programs/jdk1.8.0_181/bin/java
00cc9000-00cea000 rw-p 00000000 00:00 0                                  [heap]
cf600000-d1780000 rw-p 00000000 00:00 0 
d1780000-efd00000 ---p 00000000 00:00 0 
efd00000-f3b00000 rw-p 00000000 00:00 0 
f7000000-100000000 ---p 00000000 00:00 0 
100000000-100220000 rw-p 00000000 00:00 0 
100220000-140000000 ---p 00000000 00:00 0 
7f61e0000000-7f61e0021000 rw-p 00000000 00:00 0 
7f61e0021000-7f61e4000000 ---p 00000000 00:00 0 
7f61e8000000-7f61e88d0000 rw-p 00000000 00:00 0 
7f61e88d0000-7f61ec000000 ---p 00000000 00:00 0 
7f61ec000000-7f61ec021000 rw-p 00000000 00:00 0 
7f61ec021000-7f61f0000000 ---p 00000000 00:00 0 
7f61f0000000-7f61f0021000 rw-p 00000000 00:00 0 
7f61f0021000-7f61f4000000 ---p 00000000 00:00 0 
7f61f4000000-7f61f4af1000 rw-p 00000000 00:00 0 
7f61f4af1000-7f61f8000000 ---p 00000000 00:00 0 
7f61f8000000-7f61f8614000 rw-p 00000000 00:00 0 
7f61f8614000-7f61fc000000 ---p 00000000 00:00 0 
7f6200000000-7f6200021000 rw-p 00000000 00:00 0 
7f6200021000-7f6204000000 ---p 00000000 00:00 0 
7f6204000000-7f6204021000 rw-p 00000000 00:00 0 
7f6204021000-7f6208000000 ---p 00000000 00:00 0 
7f6208000000-7f6208021000 rw-p 00000000 00:00 0 
7f6208021000-7f620c000000 ---p 00000000 00:00 0 
7f620c000000-7f620c293000 rw-p 00000000 00:00 0 
7f620c293000-7f6210000000 ---p 00000000 00:00 0 
7f6210000000-7f6210021000 rw-p 00000000 00:00 0 
7f6210021000-7f6214000000 ---p 00000000 00:00 0 
7f6218000000-7f6218021000 rw-p 00000000 00:00 0 
7f6218021000-7f621c000000 ---p 00000000 00:00 0 
7f621dfe3000-7f621e063000 rw-p 00000000 00:00 0 
7f621e063000-7f621e1e3000 ---p 00000000 00:00 0 
7f621e1e3000-7f621e3e3000 rw-p 00000000 00:00 0 
7f621e3e3000-7f621e5e3000 rw-p 00000000 00:00 0 
7f621e5e3000-7f621e7e3000 rw-p 00000000 00:00 0 
7f621e7e3000-7f621e7e5000 r-xp 00000000 08:01 3151351                    /lib/x86_64-linux-gnu/libutil-2.27.so
7f621e7e5000-7f621e9e4000 ---p 00002000 08:01 3151351                    /lib/x86_64-linux-gnu/libutil-2.27.so
7f621e9e4000-7f621e9e5000 r--p 00001000 08:01 3151351                    /lib/x86_64-linux-gnu/libutil-2.27.so
7f621e9e5000-7f621e9e6000 rw-p 00002000 08:01 3151351                    /lib/x86_64-linux-gnu/libutil-2.27.so
7f621e9ea000-7f621e9ec000 r--s 0000d000 08:01 2622093                    /home/naharrosp/.m2/repository/org/codehaus/plexus/plexus-interpolation/1.13/plexus-interpolation-1.13.jar
7f621e9ec000-7f621e9ed000 r--s 00001000 08:01 2622091                    /home/naharrosp/.m2/repository/org/sonatype/plexus/plexus-build-api/0.0.4/plexus-build-api-0.0.4.jar
7f621e9ed000-7f621e9ef000 r--s 00009000 08:01 2622089                    /home/naharrosp/.m2/repository/org/apache/maven/shared/maven-filtering/1.1/maven-filtering-1.1.jar
7f621e9ef000-7f621e9f3000 r--s 00033000 08:01 1316797                    /home/naharrosp/.m2/repository/org/codehaus/plexus/plexus-utils/2.0.5/plexus-utils-2.0.5.jar
7f621e9f3000-7f621e9f6000 r--s 0001b000 08:01 2622087                    /home/naharrosp/.m2/repository/junit/junit/3.8.1/junit-3.8.1.jar
7f621e9f6000-7f621e9f8000 r--s 00002000 08:01 2622075                    /home/naharrosp/.m2/repository/org/codehaus/plexus/plexus-interactivity-api/1.0-alpha-4/plexus-interactivity-api-1.0-alpha-4.jar
7f621e9f8000-7f621e9fa000 r--s 00006000 08:01 2622071                    /home/naharrosp/.m2/repository/commons-cli/commons-cli/1.0/commons-cli-1.0.jar
7f621e9fa000-7f621e9fb000 r--s 00001000 08:01 2622065                    /home/naharrosp/.m2/repository/org/apache/maven/doxia/doxia-sink-api/1.0-alpha-7/doxia-sink-api-1.0-alpha-7.jar
7f621e9fb000-7f621e9fe000 r-xp 00000000 08:01 3806681                    /tmp/libjansi-1.17-1555826521163409651.so
7f621e9fe000-7f621ebfd000 ---p 00003000 08:01 3806681                    /tmp/libjansi-1.17-1555826521163409651.so
7f621ebfd000-7f621ebfe000 rw-p 00002000 08:01 3806681                    /tmp/libjansi-1.17-1555826521163409651.so
7f621ebfe000-7f621ec14000 r-xp 00000000 08:01 3543608                    /home/naharrosp/Programs/jdk1.8.0_181/jre/lib/amd64/libnet.so
7f621ec14000-7f621ee14000 ---p 00016000 08:01 3543608                    /home/naharrosp/Programs/jdk1.8.0_181/jre/lib/amd64/libnet.so
7f621ee14000-7f621ee15000 rw-p 00016000 08:01 3543608                    /home/naharrosp/Programs/jdk1.8.0_181/jre/lib/amd64/libnet.so
7f621ee15000-7f621ee26000 r-xp 00000000 08:01 3543611                    /home/naharrosp/Programs/jdk1.8.0_181/jre/lib/amd64/libnio.so
7f621ee26000-7f621f025000 ---p 00011000 08:01 3543611                    /home/naharrosp/Programs/jdk1.8.0_181/jre/lib/amd64/libnio.so
7f621f025000-7f621f026000 rw-p 00010000 08:01 3543611                    /home/naharrosp/Programs/jdk1.8.0_181/jre/lib/amd64/libnio.so
7f621f026000-7f621f02b000 r--s 0009d000 08:01 3543449                    /home/naharrosp/Programs/jdk1.8.0_181/jre/lib/jsse.jar
7f621f02b000-7f621f02c000 ---p 00000000 00:00 0 
7f621f02c000-7f621f12c000 rw-p 00000000 00:00 0 
7f621f12c000-7f621f12f000 ---p 00000000 00:00 0 
7f621f12f000-7f621f22d000 rw-p 00000000 00:00 0 
7f621f22d000-7f621f22e000 ---p 00000000 00:00 0 
7f621f22e000-7f621f231000 ---p 00000000 00:00 0 
7f621f231000-7f621f32e000 rw-p 00000000 00:00 0 
7f621f32e000-7f621f32f000 ---p 00000000 00:00 0 
7f621f32f000-7f621f332000 ---p 00000000 00:00 0 
7f621f332000-7f621f42f000 rw-p 00000000 00:00 0 
7f621f42f000-7f621f430000 ---p 00000000 00:00 0 
7f621f430000-7f621f433000 ---p 00000000 00:00 0 
7f621f433000-7f621f530000 rw-p 00000000 00:00 0 
7f621f530000-7f621f533000 ---p 00000000 00:00 0 
7f621f533000-7f621f631000 rw-p 00000000 00:00 0 
7f621f631000-7f6220000000 r--p 00000000 08:01 1186394                    /usr/lib/locale/locale-archive
7f6220000000-7f6220021000 rw-p 00000000 00:00 0 
7f6220021000-7f6224000000 ---p 00000000 00:00 0 
7f6224000000-7f6224001000 r--s 00002000 08:01 2622063                    /home/naharrosp/.m2/repository/org/apache/maven/reporting/maven-reporting-api/2.0.6/maven-reporting-api-2.0.6.jar
7f6224001000-7f6224003000 r--s 00006000 08:01 1316568                    /home/naharrosp/.m2/repository/org/apache/maven/plugins/maven-resources-plugin/2.6/maven-resources-plugin-2.6.jar
7f6224003000-7f6224004000 r--s 00002000 08:01 3545213                    /home/naharrosp/.p2/pool/plugins/org.eclipse.m2e.maven.runtime.slf4j.simple_1.9.1.20180912-1600/jars/slf4j-simple-1.7.5.jar
7f6224004000-7f6224009000 r--s 00060000 08:01 3546611                    /home/naharrosp/.p2/pool/plugins/org.eclipse.m2e.maven.runtime_1.9.1.20180912-1600/jars/okhttp-3.11.0.jar
7f6224009000-7f622400b000 r--s 0000a000 08:01 3546599                    /home/naharrosp/.p2/pool/plugins/org.eclipse.m2e.maven.runtime_1.9.1.20180912-1600/jars/maven-plugin-api-3.5.3.jar
7f622400b000-7f6224010000 r--s 00027000 08:01 3546598                    /home/naharrosp/.p2/pool/plugins/org.eclipse.m2e.maven.runtime_1.9.1.20180912-1600/jars/maven-model-builder-3.5.3.jar
7f6224010000-7f6224013000 r--s 00026000 08:01 3546610                    /home/naharrosp/.p2/pool/plugins/org.eclipse.m2e.maven.runtime_1.9.1.20180912-1600/jars/maven-shared-utils-3.2.1.jar
7f6224013000-7f6224014000 r--s 00003000 08:01 3546593                    /home/naharrosp/.p2/pool/plugins/org.eclipse.m2e.maven.runtime_1.9.1.20180912-1600/jars/maven-builder-support-3.5.3.jar
7f6224014000-7f6224016000 r--s 0000c000 08:01 3546624                    /home/naharrosp/.p2/pool/plugins/org.eclipse.m2e.maven.runtime_1.9.1.20180912-1600/jars/wagon-provider-api-3.0.0.jar
7f6224016000-7f6224017000 r--s 00006000 08:01 3546600                    /home/naharrosp/.p2/pool/plugins/org.eclipse.m2e.maven.runtime_1.9.1.20180912-1600/jars/maven-repository-metadata-3.5.3.jar
7f6224017000-7f6224019000 r--s 0000b000 08:01 3546583                    /home/naharrosp/.p2/pool/plugins/org.eclipse.m2e.maven.runtime_1.9.1.20180912-1600/jars/aether-connector-okhttp-0.17.4.jar
7f6224019000-7f622401d000 r--s 0003c000 08:01 3546622                    /home/naharrosp/.p2/pool/plugins/org.eclipse.m2e.maven.runtime_1.9.1.20180912-1600/jars/plexus-utils-3.1.0.jar
7f622401d000-7f622401f000 r--s 0000c000 08:01 3546592                    /home/naharrosp/.p2/pool/plugins/org.eclipse.m2e.maven.runtime_1.9.1.20180912-1600/jars/maven-artifact-3.5.3.jar
7f622401f000-7f6224021000 r--s 00007000 08:01 3546605                    /home/naharrosp/.p2/pool/plugins/org.eclipse.m2e.maven.runtime_1.9.1.20180912-1600/jars/maven-resolver-spi-1.1.1.jar
7f6224021000-7f6224050000 r--s 00226000 08:01 3546588                    /home/naharrosp/.p2/pool/plugins/org.eclipse.m2e.maven.runtime_1.9.1.20180912-1600/jars/guava-20.0.jar
7f6224050000-7f6224058000 r--s 0006e000 08:01 3546587                    /home/naharrosp/.p2/pool/plugins/org.eclipse.m2e.maven.runtime_1.9.1.20180912-1600/jars/commons-lang3-3.5.jar
7f6224058000-7f622405a000 r--s 00006000 08:01 3546606                    /home/naharrosp/.p2/pool/plugins/org.eclipse.m2e.maven.runtime_1.9.1.20180912-1600/jars/maven-resolver-transport-wagon-1.1.1.jar
7f622405a000-7f622405c000 r--s 0000f000 08:01 3546604                    /home/naharrosp/.p2/pool/plugins/org.eclipse.m2e.maven.runtime_1.9.1.20180912-1600/jars/maven-resolver-provider-3.5.3.jar
7f622405c000-7f622405d000 r--s 00002000 08:01 3546623                    /home/naharrosp/.p2/pool/plugins/org.eclipse.m2e.maven.runtime_1.9.1.20180912-1600/jars/wagon-file-3.0.0.jar
7f622405d000-7f622405e000 r--s 00014000 08:01 3546612                    /home/naharrosp/.p2/pool/plugins/org.eclipse.m2e.maven.runtime_1.9.1.20180912-1600/jars/okio-1.14.0.jar
7f622405e000-7f622405f000 r--s 00001000 08:01 3546591                    /home/naharrosp/.p2/pool/plugins/org.eclipse.m2e.maven.runtime_1.9.1.20180912-1600/jars/jsr250-api-1.0.jar
7f622405f000-7f6224063000 r--s 0002a000 08:01 3546603                    /home/naharrosp/.p2/pool/plugins/org.eclipse.m2e.maven.runtime_1.9.1.20180912-1600/jars/maven-resolver-impl-1.1.1.jar
7f6224063000-7f6224065000 r--s 00000000 08:01 3546619                    /home/naharrosp/.p2/pool/plugins/org.eclipse.m2e.maven.runtime_1.9.1.20180912-1600/jars/plexus-component-annotations-1.7.1.jar
7f6224065000-7f6224069000 r--s 00020000 08:01 3546601                    /home/naharrosp/.p2/pool/plugins/org.eclipse.m2e.maven.runtime_1.9.1.20180912-1600/jars/maven-resolver-api-1.1.1.jar
7f6224069000-7f622406a000 r--s 0000a000 08:01 3546608                    /home/naharrosp/.p2/pool/plugins/org.eclipse.m2e.maven.runtime_1.9.1.20180912-1600/jars/maven-settings-3.5.3.jar
7f622406a000-7f622406d000 r--s 00008000 08:01 3546584                    /home/naharrosp/.p2/pool/plugins/org.eclipse.m2e.maven.runtime_1.9.1.20180912-1600/jars/cdi-api-1.0.jar
7f622406d000-7f6224073000 r--s 0002d000 08:01 3546615                    /home/naharrosp/.p2/pool/plugins/org.eclipse.m2e.maven.runtime_1.9.1.20180912-1600/jars/org.eclipse.sisu.plexus-0.3.3.jar
7f6224073000-7f6224076000 r--s 00016000 08:01 3546596                    /home/naharrosp/.p2/pool/plugins/org.eclipse.m2e.maven.runtime_1.9.1.20180912-1600/jars/maven-embedder-3.5.3.jar
7f6224076000-7f622407d000 r--s 00041000 08:01 3546594                    /home/naharrosp/.p2/pool/plugins/org.eclipse.m2e.maven.runtime_1.9.1.20180912-1600/jars/maven-compat-3.5.3.jar
7f622407d000-7f622407f000 r--s 00009000 08:01 3546609                    /home/naharrosp/.p2/pool/plugins/org.eclipse.m2e.maven.runtime_1.9.1.20180912-1600/jars/maven-settings-builder-3.5.3.jar
7f622407f000-7f6224083000 r--s 00042000 08:01 3546590                    /home/naharrosp/.p2/pool/plugins/org.eclipse.m2e.maven.runtime_1.9.1.20180912-1600/jars/jansi-1.17.jar
7f6224083000-7f622408a000 r--s 00056000 08:01 3546613                    /home/naharrosp/.p2/pool/plugins/org.eclipse.m2e.maven.runtime_1.9.1.20180912-1600/jars/org.eclipse.sisu.inject-0.3.3.jar
7f622408a000-7f6224093000 r--s 0005f000 08:01 3546589                    /home/naharrosp/.p2/pool/plugins/org.eclipse.m2e.maven.runtime_1.9.1.20180912-1600/jars/guice-4.0-no_aop.jar
7f6224093000-7f62240a0000 r--s 0008e000 08:01 3546595                    /home/naharrosp/.p2/pool/plugins/org.eclipse.m2e.maven.runtime_1.9.1.20180912-1600/jars/maven-core-3.5.3.jar
7f62240a0000-7f62240a3000 ---p 00000000 00:00 0 
7f62240a3000-7f62241a1000 rw-p 00000000 00:00 0 
7f62241a1000-7f62241a4000 ---p 00000000 00:00 0 
7f62241a4000-7f62242a2000 rw-p 00000000 00:00 0 
7f62242a2000-7f62242a3000 ---p 00000000 00:00 0 
7f62242a3000-7f62252f4000 rw-p 00000000 00:00 0 
7f62252f4000-7f62254ce000 r--s 03d6b000 08:01 3543392                    /home/naharrosp/Programs/jdk1.8.0_181/jre/lib/rt.jar
7f62254ce000-7f6227719000 rw-p 00000000 00:00 0 
7f6227719000-7f622771a000 ---p 00000000 00:00 0 
7f622771a000-7f622781a000 rw-p 00000000 00:00 0 
7f622781a000-7f622781b000 ---p 00000000 00:00 0 
7f622781b000-7f622791b000 rw-p 00000000 00:00 0 
7f622791b000-7f622791c000 ---p 00000000 00:00 0 
7f622791c000-7f6227a1c000 rw-p 00000000 00:00 0 
7f6227a1c000-7f6227a1d000 ---p 00000000 00:00 0 
7f6227a1d000-7f6227b2e000 rw-p 00000000 00:00 0 
7f6227b2e000-7f6227c21000 ---p 00000000 00:00 0 
7f6227c21000-7f6227c32000 rw-p 00000000 00:00 0 
7f6227c32000-7f6227d24000 ---p 00000000 00:00 0 
7f6227d24000-7f6227d44000 rw-p 00000000 00:00 0 
7f6227d44000-7f6227da6000 ---p 00000000 00:00 0 
7f6227da6000-7f6227dcb000 rw-p 00000000 00:00 0 
7f6227dcb000-7f6228167000 ---p 00000000 00:00 0 
7f6228167000-7f6228a37000 rwxp 00000000 00:00 0 
7f6228a37000-7f6237167000 ---p 00000000 00:00 0 
7f6237167000-7f6237182000 r-xp 00000000 08:01 3543604                    /home/naharrosp/Programs/jdk1.8.0_181/jre/lib/amd64/libzip.so
7f6237182000-7f6237382000 ---p 0001b000 08:01 3543604                    /home/naharrosp/Programs/jdk1.8.0_181/jre/lib/amd64/libzip.so
7f6237382000-7f6237383000 rw-p 0001b000 08:01 3543604                    /home/naharrosp/Programs/jdk1.8.0_181/jre/lib/amd64/libzip.so
7f6237383000-7f623738e000 r-xp 00000000 08:01 3151276                    /lib/x86_64-linux-gnu/libnss_files-2.27.so
7f623738e000-7f623758d000 ---p 0000b000 08:01 3151276                    /lib/x86_64-linux-gnu/libnss_files-2.27.so
7f623758d000-7f623758e000 r--p 0000a000 08:01 3151276                    /lib/x86_64-linux-gnu/libnss_files-2.27.so
7f623758e000-7f623758f000 rw-p 0000b000 08:01 3151276                    /lib/x86_64-linux-gnu/libnss_files-2.27.so
7f623758f000-7f6237595000 rw-p 00000000 00:00 0 
7f6237595000-7f62375ac000 r-xp 00000000 08:01 3151270                    /lib/x86_64-linux-gnu/libnsl-2.27.so
7f62375ac000-7f62377ab000 ---p 00017000 08:01 3151270                    /lib/x86_64-linux-gnu/libnsl-2.27.so
7f62377ab000-7f62377ac000 r--p 00016000 08:01 3151270                    /lib/x86_64-linux-gnu/libnsl-2.27.so
7f62377ac000-7f62377ad000 rw-p 00017000 08:01 3151270                    /lib/x86_64-linux-gnu/libnsl-2.27.so
7f62377ad000-7f62377af000 rw-p 00000000 00:00 0 
7f62377af000-7f62377ba000 r-xp 00000000 08:01 3151287                    /lib/x86_64-linux-gnu/libnss_nis-2.27.so
7f62377ba000-7f62379b9000 ---p 0000b000 08:01 3151287                    /lib/x86_64-linux-gnu/libnss_nis-2.27.so
7f62379b9000-7f62379ba000 r--p 0000a000 08:01 3151287                    /lib/x86_64-linux-gnu/libnss_nis-2.27.so
7f62379ba000-7f62379bb000 rw-p 0000b000 08:01 3151287                    /lib/x86_64-linux-gnu/libnss_nis-2.27.so
7f62379bb000-7f62379c3000 r-xp 00000000 08:01 3151272                    /lib/x86_64-linux-gnu/libnss_compat-2.27.so
7f62379c3000-7f6237bc3000 ---p 00008000 08:01 3151272                    /lib/x86_64-linux-gnu/libnss_compat-2.27.so
7f6237bc3000-7f6237bc4000 r--p 00008000 08:01 3151272                    /lib/x86_64-linux-gnu/libnss_compat-2.27.so
7f6237bc4000-7f6237bc5000 rw-p 00009000 08:01 3151272                    /lib/x86_64-linux-gnu/libnss_compat-2.27.so
7f6237bc5000-7f6237bf0000 r-xp 00000000 08:01 3543598                    /home/naharrosp/Programs/jdk1.8.0_181/jre/lib/amd64/libjava.so
7f6237bf0000-7f6237def000 ---p 0002b000 08:01 3543598                    /home/naharrosp/Programs/jdk1.8.0_181/jre/lib/amd64/libjava.so
7f6237def000-7f6237df1000 rw-p 0002a000 08:01 3543598                    /home/naharrosp/Programs/jdk1.8.0_181/jre/lib/amd64/libjava.so
7f6237df1000-7f6237dfe000 r-xp 00000000 08:01 3543603                    /home/naharrosp/Programs/jdk1.8.0_181/jre/lib/amd64/libverify.so
7f6237dfe000-7f6237ffe000 ---p 0000d000 08:01 3543603                    /home/naharrosp/Programs/jdk1.8.0_181/jre/lib/amd64/libverify.so
7f6237ffe000-7f6238000000 rw-p 0000d000 08:01 3543603                    /home/naharrosp/Programs/jdk1.8.0_181/jre/lib/amd64/libverify.so
7f6238000000-7f6238ac4000 rw-p 00000000 00:00 0 
7f6238ac4000-7f623c000000 ---p 00000000 00:00 0 
7f623c000000-7f623c002000 r--s 00002000 08:01 3546617                    /home/naharrosp/.p2/pool/plugins/org.eclipse.m2e.maven.runtime_1.9.1.20180912-1600/jars/plexus-cipher-1.7.jar
7f623c002000-7f623c003000 r--s 00006000 08:01 3546621                    /home/naharrosp/.p2/pool/plugins/org.eclipse.m2e.maven.runtime_1.9.1.20180912-1600/jars/plexus-sec-dispatcher-1.4.jar
7f623c003000-7f623c006000 r--s 00011000 08:01 3546620                    /home/naharrosp/.p2/pool/plugins/org.eclipse.m2e.maven.runtime_1.9.1.20180912-1600/jars/plexus-interpolation-1.24.jar
7f623c006000-7f623c008000 r--s 00009000 08:01 3546602                    /home/naharrosp/.p2/pool/plugins/org.eclipse.m2e.maven.runtime_1.9.1.20180912-1600/jars/maven-resolver-connector-basic-1.1.1.jar
7f623c008000-7f623c06b000 rw-p 00000000 00:00 0 
7f623c06b000-7f623c072000 r-xp 00000000 08:01 3151327                    /lib/x86_64-linux-gnu/librt-2.27.so
7f623c072000-7f623c271000 ---p 00007000 08:01 3151327                    /lib/x86_64-linux-gnu/librt-2.27.so
7f623c271000-7f623c272000 r--p 00006000 08:01 3151327                    /lib/x86_64-linux-gnu/librt-2.27.so
7f623c272000-7f623c273000 rw-p 00007000 08:01 3151327                    /lib/x86_64-linux-gnu/librt-2.27.so
7f623c273000-7f623c410000 r-xp 00000000 08:01 3151249                    /lib/x86_64-linux-gnu/libm-2.27.so
7f623c410000-7f623c60f000 ---p 0019d000 08:01 3151249                    /lib/x86_64-linux-gnu/libm-2.27.so
7f623c60f000-7f623c610000 r--p 0019c000 08:01 3151249                    /lib/x86_64-linux-gnu/libm-2.27.so
7f623c610000-7f623c611000 rw-p 0019d000 08:01 3151249                    /lib/x86_64-linux-gnu/libm-2.27.so
7f623c611000-7f623d2ed000 r-xp 00000000 08:01 3543580                    /home/naharrosp/Programs/jdk1.8.0_181/jre/lib/amd64/server/libjvm.so
7f623d2ed000-7f623d4ed000 ---p 00cdc000 08:01 3543580                    /home/naharrosp/Programs/jdk1.8.0_181/jre/lib/amd64/server/libjvm.so
7f623d4ed000-7f623d5c7000 rw-p 00cdc000 08:01 3543580                    /home/naharrosp/Programs/jdk1.8.0_181/jre/lib/amd64/server/libjvm.so
7f623d5c7000-7f623d612000 rw-p 00000000 00:00 0 
7f623d612000-7f623d7f9000 r-xp 00000000 08:01 3151186                    /lib/x86_64-linux-gnu/libc-2.27.so
7f623d7f9000-7f623d9f9000 ---p 001e7000 08:01 3151186                    /lib/x86_64-linux-gnu/libc-2.27.so
7f623d9f9000-7f623d9fd000 r--p 001e7000 08:01 3151186                    /lib/x86_64-linux-gnu/libc-2.27.so
7f623d9fd000-7f623d9ff000 rw-p 001eb000 08:01 3151186                    /lib/x86_64-linux-gnu/libc-2.27.so
7f623d9ff000-7f623da03000 rw-p 00000000 00:00 0 
7f623da03000-7f623da06000 r-xp 00000000 08:01 3151209                    /lib/x86_64-linux-gnu/libdl-2.27.so
7f623da06000-7f623dc05000 ---p 00003000 08:01 3151209                    /lib/x86_64-linux-gnu/libdl-2.27.so
7f623dc05000-7f623dc06000 r--p 00002000 08:01 3151209                    /lib/x86_64-linux-gnu/libdl-2.27.so
7f623dc06000-7f623dc07000 rw-p 00003000 08:01 3151209                    /lib/x86_64-linux-gnu/libdl-2.27.so
7f623dc07000-7f623dc1d000 r-xp 00000000 08:01 3543285                    /home/naharrosp/Programs/jdk1.8.0_181/lib/amd64/jli/libjli.so
7f623dc1d000-7f623de1c000 ---p 00016000 08:01 3543285                    /home/naharrosp/Programs/jdk1.8.0_181/lib/amd64/jli/libjli.so
7f623de1c000-7f623de1d000 rw-p 00015000 08:01 3543285                    /home/naharrosp/Programs/jdk1.8.0_181/lib/amd64/jli/libjli.so
7f623de1d000-7f623de37000 r-xp 00000000 08:01 3151319                    /lib/x86_64-linux-gnu/libpthread-2.27.so
7f623de37000-7f623e036000 ---p 0001a000 08:01 3151319                    /lib/x86_64-linux-gnu/libpthread-2.27.so
7f623e036000-7f623e037000 r--p 00019000 08:01 3151319                    /lib/x86_64-linux-gnu/libpthread-2.27.so
7f623e037000-7f623e038000 rw-p 0001a000 08:01 3151319                    /lib/x86_64-linux-gnu/libpthread-2.27.so
7f623e038000-7f623e03c000 rw-p 00000000 00:00 0 
7f623e03c000-7f623e063000 r-xp 00000000 08:01 3151158                    /lib/x86_64-linux-gnu/ld-2.27.so
7f623e063000-7f623e067000 r--s 0002f000 08:01 3546586                    /home/naharrosp/.p2/pool/plugins/org.eclipse.m2e.maven.runtime_1.9.1.20180912-1600/jars/commons-io-2.5.jar
7f623e067000-7f623e149000 rw-p 00000000 00:00 0 
7f623e149000-7f623e14a000 ---p 00000000 00:00 0 
7f623e14a000-7f623e14d000 ---p 00000000 00:00 0 
7f623e14d000-7f623e24e000 rw-p 00000000 00:00 0 
7f623e24e000-7f623e250000 r--s 0000c000 08:01 3546585                    /home/naharrosp/.p2/pool/plugins/org.eclipse.m2e.maven.runtime_1.9.1.20180912-1600/jars/commons-cli-1.4.jar
7f623e250000-7f623e253000 r--s 00026000 08:01 3546597                    /home/naharrosp/.p2/pool/plugins/org.eclipse.m2e.maven.runtime_1.9.1.20180912-1600/jars/maven-model-3.5.3.jar
7f623e253000-7f623e257000 r--s 00023000 08:01 3546607                    /home/naharrosp/.p2/pool/plugins/org.eclipse.m2e.maven.runtime_1.9.1.20180912-1600/jars/maven-resolver-util-1.1.1.jar
7f623e257000-7f623e259000 r--s 0000b000 08:01 3546618                    /home/naharrosp/.p2/pool/plugins/org.eclipse.m2e.maven.runtime_1.9.1.20180912-1600/jars/plexus-classworlds-2.5.2.jar
7f623e259000-7f623e261000 rw-s 00000000 08:01 3932962                    /tmp/hsperfdata_naharrosp/29769
7f623e261000-7f623e262000 rw-p 00000000 00:00 0 
7f623e262000-7f623e263000 ---p 00000000 00:00 0 
7f623e263000-7f623e264000 r--p 00027000 08:01 3151158                    /lib/x86_64-linux-gnu/ld-2.27.so
7f623e264000-7f623e265000 rw-p 00028000 08:01 3151158                    /lib/x86_64-linux-gnu/ld-2.27.so
7f623e265000-7f623e266000 rw-p 00000000 00:00 0 
7ffde6cfb000-7ffde6d1c000 rw-p 00000000 00:00 0                          [stack]
7ffde6daf000-7ffde6db2000 r--p 00000000 00:00 0                          [vvar]
7ffde6db2000-7ffde6db4000 r-xp 00000000 00:00 0                          [vdso]
ffffffffff600000-ffffffffff601000 r-xp 00000000 00:00 0                  [vsyscall]

VM Arguments:
jvm_args: -Dmaven.home=EMBEDDED -Dclassworlds.conf=/home/naharrosp/Workspace/eclipse/.metadata/.plugins/org.eclipse.m2e.launching/launches/m2conf3138737453293543803.tmp -Dmaven.multiModuleProjectDirectory=/home/naharrosp/Workspace/eclipse/testGoogle -Dfile.encoding=UTF-8 
java_command: org.codehaus.plexus.classworlds.launcher.Launcher -B install
java_class_path (initial): /home/naharrosp/.p2/pool/plugins/org.eclipse.m2e.maven.runtime_1.9.1.20180912-1600/jars/plexus-classworlds-2.5.2.jar
Launcher Type: SUN_STANDARD

Environment Variables:
PATH=/home/naharrosp/Programs/jdk1.8.0_181/bin:/usr/local/sbin:/usr/local/bin:/usr/sbin:/usr/bin:/sbin:/bin:/usr/games:/usr/local/games:/snap/bin
USERNAME=naharrosp
SHELL=/bin/bash
DISPLAY=:1

Signal Handlers:
SIGSEGV: [libjvm.so+0xad2a40], sa_mask[0]=11111111011111111101111111111110, sa_flags=SA_RESTART|SA_SIGINFO
SIGBUS: [libjvm.so+0xad2a40], sa_mask[0]=11111111011111111101111111111110, sa_flags=SA_RESTART|SA_SIGINFO
SIGFPE: [libjvm.so+0x92a610], sa_mask[0]=11111111011111111101111111111110, sa_flags=SA_RESTART|SA_SIGINFO
SIGPIPE: [libjvm.so+0x92a610], sa_mask[0]=11111111011111111101111111111110, sa_flags=SA_RESTART|SA_SIGINFO
SIGXFSZ: [libjvm.so+0x92a610], sa_mask[0]=11111111011111111101111111111110, sa_flags=SA_RESTART|SA_SIGINFO
SIGILL: [libjvm.so+0x92a610], sa_mask[0]=11111111011111111101111111111110, sa_flags=SA_RESTART|SA_SIGINFO
SIGUSR1: SIG_DFL, sa_mask[0]=00000000000000000000000000000000, sa_flags=none
SIGUSR2: [libjvm.so+0x92be70], sa_mask[0]=00100000000000000000000000000000, sa_flags=SA_RESTART|SA_SIGINFO
SIGHUP: [libjvm.so+0x92d270], sa_mask[0]=11111111011111111101111111111110, sa_flags=SA_RESTART|SA_SIGINFO
SIGINT: [libjvm.so+0x92d270], sa_mask[0]=11111111011111111101111111111110, sa_flags=SA_RESTART|SA_SIGINFO
SIGTERM: [libjvm.so+0x92d270], sa_mask[0]=11111111011111111101111111111110, sa_flags=SA_RESTART|SA_SIGINFO
SIGQUIT: [libjvm.so+0x92d270], sa_mask[0]=11111111011111111101111111111110, sa_flags=SA_RESTART|SA_SIGINFO


---------------  S Y S T E M  ---------------

OS:DISTRIB_ID=Ubuntu
DISTRIB_RELEASE=18.04
DISTRIB_CODENAME=bionic
DISTRIB_DESCRIPTION="Ubuntu 18.04.1 LTS"

uname:Linux 4.15.0-36-generic #39-Ubuntu SMP Mon Sep 24 16:19:09 UTC 2018 x86_64
libc:glibc 2.27 NPTL 2.27 
rlimit: STACK 8192k, CORE 0k, NPROC 15521, NOFILE 4096, AS infinity
load average:1,77 1,80 1,50

/proc/meminfo:
MemTotal:        3182380 kB
MemFree:          103632 kB
MemAvailable:      15524 kB
Buffers:            2056 kB
Cached:           142148 kB
SwapCached:         4140 kB
Active:          2295900 kB
Inactive:         579860 kB
Active(anon):    2278288 kB
Inactive(anon):   565612 kB
Active(file):      17612 kB
Inactive(file):    14248 kB
Unevictable:          64 kB
Mlocked:              64 kB
SwapTotal:       2097148 kB
SwapFree:              0 kB
Dirty:               308 kB
Writeback:           148 kB
AnonPages:       2728452 kB
Mapped:           133476 kB
Shmem:            111820 kB
Slab:              88360 kB
SReclaimable:      35208 kB
SUnreclaim:        53152 kB
KernelStack:       16000 kB
PageTables:        61212 kB
NFS_Unstable:          0 kB
Bounce:                0 kB
WritebackTmp:          0 kB
CommitLimit:     3688336 kB
Committed_AS:   10713372 kB
VmallocTotal:   34359738367 kB
VmallocUsed:           0 kB
VmallocChunk:          0 kB
HardwareCorrupted:     0 kB
AnonHugePages:         0 kB
ShmemHugePages:        0 kB
ShmemPmdMapped:        0 kB
CmaTotal:              0 kB
CmaFree:               0 kB
HugePages_Total:       0
HugePages_Free:        0
HugePages_Rsvd:        0
HugePages_Surp:        0
Hugepagesize:       2048 kB
DirectMap4k:      163760 kB
DirectMap2M:     4030464 kB


CPU:total 4 (initial active 4) (4 cores per cpu, 1 threads per core) family 6 model 78 stepping 3, cmov, cx8, fxsr, mmx, sse, sse2, sse3, ssse3, sse4.1, sse4.2, popcnt, avx, avx2, aes, clmul, erms, 3dnowpref, lzcnt, tsc, tscinvbit, bmi1, bmi2, adx

/proc/cpuinfo:
processor	: 0
vendor_id	: GenuineIntel
cpu family	: 6
model		: 78
model name	: Intel(R) Core(TM) i5-6360U CPU @ 2.00GHz
stepping	: 3
microcode	: 0xba
cpu MHz		: 1992.000
cache size	: 4096 KB
physical id	: 0
siblings	: 4
core id		: 0
cpu cores	: 4
apicid		: 0
initial apicid	: 0
fpu		: yes
fpu_exception	: yes
cpuid level	: 22
wp		: yes
flags		: fpu vme de pse tsc msr pae mce cx8 apic sep mtrr pge mca cmov pat pse36 clflush mmx fxsr sse sse2 ss ht syscall nx rdtscp lm constant_tsc nopl xtopology nonstop_tsc cpuid pni pclmulqdq ssse3 fma cx16 pcid sse4_1 sse4_2 x2apic movbe popcnt tsc_deadline_timer aes xsave avx f16c rdrand hypervisor lahf_lm abm 3dnowprefetch invpcid_single pti fsgsbase tsc_adjust bmi1 hle avx2 smep bmi2 invpcid mpx adx clflushopt xsaveopt dtherm arat pln pts
bugs		: cpu_meltdown spectre_v1 spectre_v2 spec_store_bypass l1tf
bogomips	: 3984.00
clflush size	: 64
cache_alignment	: 64
address sizes	: 36 bits physical, 48 bits virtual
power management:

processor	: 1
vendor_id	: GenuineIntel
cpu family	: 6
model		: 78
model name	: Intel(R) Core(TM) i5-6360U CPU @ 2.00GHz
stepping	: 3
microcode	: 0xba
cpu MHz		: 1992.000
cache size	: 4096 KB
physical id	: 0
siblings	: 4
core id		: 1
cpu cores	: 4
apicid		: 1
initial apicid	: 1
fpu		: yes
fpu_exception	: yes
cpuid level	: 22
wp		: yes
flags		: fpu vme de pse tsc msr pae mce cx8 apic sep mtrr pge mca cmov pat pse36 clflush mmx fxsr sse sse2 ss ht syscall nx rdtscp lm constant_tsc nopl xtopology nonstop_tsc cpuid pni pclmulqdq ssse3 fma cx16 pcid sse4_1 sse4_2 x2apic movbe popcnt tsc_deadline_timer aes xsave avx f16c rdrand hypervisor lahf_lm abm 3dnowprefetch invpcid_single pti fsgsbase tsc_adjust bmi1 hle avx2 smep bmi2 invpcid mpx adx clflushopt xsaveopt dtherm arat pln pts
bugs		: cpu_meltdown spectre_v1 spectre_v2 spec_store_bypass l1tf
bogomips	: 3984.00
clflush size	: 64
cache_alignment	: 64
address sizes	: 36 bits physical, 48 bits virtual
power management:

processor	: 2
vendor_id	: GenuineIntel
cpu family	: 6
model		: 78
model name	: Intel(R) Core(TM) i5-6360U CPU @ 2.00GHz
stepping	: 3
microcode	: 0xba
cpu MHz		: 1992.000
cache size	: 4096 KB
physical id	: 0
siblings	: 4
core id		: 2
cpu cores	: 4
apicid		: 2
initial apicid	: 2
fpu		: yes
fpu_exception	: yes
cpuid level	: 22
wp		: yes
flags		: fpu vme de pse tsc msr pae mce cx8 apic sep mtrr pge mca cmov pat pse36 clflush mmx fxsr sse sse2 ss ht syscall nx rdtscp lm constant_tsc nopl xtopology nonstop_tsc cpuid pni pclmulqdq ssse3 fma cx16 pcid sse4_1 sse4_2 x2apic movbe popcnt tsc_deadline_timer aes xsave avx f16c rdrand hypervisor lahf_lm abm 3dnowprefetch invpcid_single pti fsgsbase tsc_adjust bmi1 hle avx2 smep bmi2 invpcid mpx adx clflushopt xsaveopt dtherm arat pln pts
bugs		: cpu_meltdown spectre_v1 spectre_v2 spec_store_bypass l1tf
bogomips	: 3984.00
clflush size	: 64
cache_alignment	: 64
address sizes	: 36 bits physical, 48 bits virtual
power management:

processor	: 3
vendor_id	: GenuineIntel
cpu family	: 6
model		: 78
model name	: Intel(R) Core(TM) i5-6360U CPU @ 2.00GHz
stepping	: 3
microcode	: 0xba
cpu MHz		: 1992.000
cache size	: 4096 KB
physical id	: 0
siblings	: 4
core id		: 3
cpu cores	: 4
apicid		: 3
initial apicid	: 3
fpu		: yes
fpu_exception	: yes
cpuid level	: 22
wp		: yes
flags		: fpu vme de pse tsc msr pae mce cx8 apic sep mtrr pge mca cmov pat pse36 clflush mmx fxsr sse sse2 ss ht syscall nx rdtscp lm constant_tsc nopl xtopology nonstop_tsc cpuid pni pclmulqdq ssse3 fma cx16 pcid sse4_1 sse4_2 x2apic movbe popcnt tsc_deadline_timer aes xsave avx f16c rdrand hypervisor lahf_lm abm 3dnowprefetch invpcid_single pti fsgsbase tsc_adjust bmi1 hle avx2 smep bmi2 invpcid mpx adx clflushopt xsaveopt dtherm arat pln pts
bugs		: cpu_meltdown spectre_v1 spectre_v2 spec_store_bypass l1tf
bogomips	: 3984.00
clflush size	: 64
cache_alignment	: 64
address sizes	: 36 bits physical, 48 bits virtual
power management:



Memory: 4k page, physical 3182380k(104136k free), swap 2097148k(0k free)

vm_info: Java HotSpot(TM) 64-Bit Server VM (25.181-b13) for linux-amd64 JRE (1.8.0_181-b13), built on Jul  7 2018 00:56:38 by "java_re" with gcc 4.3.0 20080428 (Red Hat 4.3.0-8)

time: Mon Nov 12 23:43:29 2018
elapsed time: 4 seconds (0d 0h 0m 4s)

